Copyright 1986-2022 Xilinx, Inc. All Rights Reserved. Copyright 2022-2023 Advanced Micro Devices, Inc. All Rights Reserved.
------------------------------------------------------------------------------------------------------------------------------------------------------------------------------------------------------------------------------------------
| Tool Version : Vivado v.2023.1 (win64) Build 3865809 Sun May  7 15:05:29 MDT 2023
| Date         : Wed Sep  6 16:37:04 2023
| Host         : TXAVM001 running 64-bit major release  (build 9200)
| Command      : report_timing_summary -max_paths 10 -report_unconstrained -file Full_Adder_2Bit_timing_summary_routed.rpt -pb Full_Adder_2Bit_timing_summary_routed.pb -rpx Full_Adder_2Bit_timing_summary_routed.rpx -warn_on_violation
| Design       : Full_Adder_2Bit
| Device       : 7z010-clg400
| Speed File   : -1  PRODUCTION 1.12 2019-11-22
| Design State : Routed
------------------------------------------------------------------------------------------------------------------------------------------------------------------------------------------------------------------------------------------

Timing Summary Report

------------------------------------------------------------------------------------------------
| Timer Settings
| --------------
------------------------------------------------------------------------------------------------

  Enable Multi Corner Analysis               :  Yes
  Enable Pessimism Removal                   :  Yes
  Pessimism Removal Resolution               :  Nearest Common Node
  Enable Input Delay Default Clock           :  No
  Enable Preset / Clear Arcs                 :  No
  Disable Flight Delays                      :  No
  Ignore I/O Paths                           :  No
  Timing Early Launch at Borrowing Latches   :  No
  Borrow Time for Max Delay Exceptions       :  Yes
  Merge Timing Exceptions                    :  Yes

  Corner  Analyze    Analyze    
  Name    Max Paths  Min Paths  
  ------  ---------  ---------  
  Slow    Yes        Yes        
  Fast    Yes        Yes        


------------------------------------------------------------------------------------------------
| Report Methodology
| ------------------
------------------------------------------------------------------------------------------------

No report available as report_methodology has not been run prior. Run report_methodology on the current design for the summary of methodology violations.



check_timing report

Table of Contents
-----------------
1. checking no_clock (0)
2. checking constant_clock (0)
3. checking pulse_width_clock (0)
4. checking unconstrained_internal_endpoints (0)
5. checking no_input_delay (0)
6. checking no_output_delay (0)
7. checking multiple_clock (0)
8. checking generated_clocks (0)
9. checking loops (0)
10. checking partial_input_delay (0)
11. checking partial_output_delay (0)
12. checking latch_loops (0)

1. checking no_clock (0)
------------------------
 There are 0 register/latch pins with no clock.


2. checking constant_clock (0)
------------------------------
 There are 0 register/latch pins with constant_clock.


3. checking pulse_width_clock (0)
---------------------------------
 There are 0 register/latch pins which need pulse_width check


4. checking unconstrained_internal_endpoints (0)
------------------------------------------------
 There are 0 pins that are not constrained for maximum delay.

 There are 0 pins that are not constrained for maximum delay due to constant clock.


5. checking no_input_delay (0)
------------------------------
 There are 0 input ports with no input delay specified.

 There are 0 input ports with no input delay but user has a false path constraint.


6. checking no_output_delay (0)
-------------------------------
 There are 0 ports with no output delay specified.

 There are 0 ports with no output delay but user has a false path constraint

 There are 0 ports with no output delay but with a timing clock defined on it or propagating through it


7. checking multiple_clock (0)
------------------------------
 There are 0 register/latch pins with multiple clocks.


8. checking generated_clocks (0)
--------------------------------
 There are 0 generated clocks that are not connected to a clock source.


9. checking loops (0)
---------------------
 There are 0 combinational loops in the design.


10. checking partial_input_delay (0)
------------------------------------
 There are 0 input ports with partial input delay specified.


11. checking partial_output_delay (0)
-------------------------------------
 There are 0 ports with partial output delay specified.


12. checking latch_loops (0)
----------------------------
 There are 0 combinational latch loops in the design through latch input



------------------------------------------------------------------------------------------------
| Design Timing Summary
| ---------------------
------------------------------------------------------------------------------------------------

    WNS(ns)      TNS(ns)  TNS Failing Endpoints  TNS Total Endpoints      WHS(ns)      THS(ns)  THS Failing Endpoints  THS Total Endpoints     WPWS(ns)     TPWS(ns)  TPWS Failing Endpoints  TPWS Total Endpoints  
    -------      -------  ---------------------  -------------------      -------      -------  ---------------------  -------------------     --------     --------  ----------------------  --------------------  
        inf        0.000                      0                    3          inf        0.000                      0                    3           NA           NA                      NA                    NA  


There are no user specified timing constraints.


------------------------------------------------------------------------------------------------
| Clock Summary
| -------------
------------------------------------------------------------------------------------------------


------------------------------------------------------------------------------------------------
| Intra Clock Table
| -----------------
------------------------------------------------------------------------------------------------

Clock             WNS(ns)      TNS(ns)  TNS Failing Endpoints  TNS Total Endpoints      WHS(ns)      THS(ns)  THS Failing Endpoints  THS Total Endpoints     WPWS(ns)     TPWS(ns)  TPWS Failing Endpoints  TPWS Total Endpoints  
-----             -------      -------  ---------------------  -------------------      -------      -------  ---------------------  -------------------     --------     --------  ----------------------  --------------------  


------------------------------------------------------------------------------------------------
| Inter Clock Table
| -----------------
------------------------------------------------------------------------------------------------

From Clock    To Clock          WNS(ns)      TNS(ns)  TNS Failing Endpoints  TNS Total Endpoints      WHS(ns)      THS(ns)  THS Failing Endpoints  THS Total Endpoints  
----------    --------          -------      -------  ---------------------  -------------------      -------      -------  ---------------------  -------------------  


------------------------------------------------------------------------------------------------
| Other Path Groups Table
| -----------------------
------------------------------------------------------------------------------------------------

Path Group    From Clock    To Clock          WNS(ns)      TNS(ns)  TNS Failing Endpoints  TNS Total Endpoints      WHS(ns)      THS(ns)  THS Failing Endpoints  THS Total Endpoints  
----------    ----------    --------          -------      -------  ---------------------  -------------------      -------      -------  ---------------------  -------------------  


------------------------------------------------------------------------------------------------
| User Ignored Path Table
| -----------------------
------------------------------------------------------------------------------------------------

Path Group    From Clock    To Clock    
----------    ----------    --------    


------------------------------------------------------------------------------------------------
| Unconstrained Path Table
| ------------------------
------------------------------------------------------------------------------------------------

Path Group    From Clock    To Clock    
----------    ----------    --------    
(none)                                    


------------------------------------------------------------------------------------------------
| Timing Details
| --------------
------------------------------------------------------------------------------------------------


--------------------------------------------------------------------------------------
Path Group:  (none)
From Clock:  
  To Clock:  

Max Delay             3 Endpoints
Min Delay             3 Endpoints
--------------------------------------------------------------------------------------


Max Delay Paths
--------------------------------------------------------------------------------------
Slack:                    inf
  Source:                 cin
                            (input port)
  Destination:            cout
                            (output port)
  Path Group:             (none)
  Path Type:              Max at Slow Process Corner
  Data Path Delay:        10.581ns  (logic 5.098ns (48.182%)  route 5.483ns (51.818%))
  Logic Levels:           3  (IBUF=1 LUT5=1 OBUF=1)

    Location             Delay type                Incr(ns)  Path(ns)    Netlist Resource(s)
  -------------------------------------------------------------------    -------------------
    K18                                               0.000     0.000 r  cin (IN)
                         net (fo=0)                   0.000     0.000    cin
    K18                  IBUF (Prop_ibuf_I_O)         1.489     1.489 r  cin_IBUF_inst/O
                         net (fo=3, routed)           2.229     3.718    fa2/cin_IBUF
    SLICE_X43Y53         LUT5 (Prop_lut5_I0_O)        0.124     3.842 r  fa2/o1/O
                         net (fo=1, routed)           3.254     7.096    cout_OBUF
    G14                  OBUF (Prop_obuf_I_O)         3.485    10.581 r  cout_OBUF_inst/O
                         net (fo=0)                   0.000    10.581    cout
    G14                                                               r  cout (OUT)
  -------------------------------------------------------------------    -------------------

Slack:                    inf
  Source:                 a[1]
                            (input port)
  Destination:            s[1]
                            (output port)
  Path Group:             (none)
  Path Type:              Max at Slow Process Corner
  Data Path Delay:        9.525ns  (logic 5.114ns (53.691%)  route 4.411ns (46.309%))
  Logic Levels:           3  (IBUF=1 LUT5=1 OBUF=1)

    Location             Delay type                Incr(ns)  Path(ns)    Netlist Resource(s)
  -------------------------------------------------------------------    -------------------
    P15                                               0.000     0.000 r  a[1] (IN)
                         net (fo=0)                   0.000     0.000    a[1]
    P15                  IBUF (Prop_ibuf_I_O)         1.451     1.451 r  a_IBUF[1]_inst/O
                         net (fo=2, routed)           2.746     4.197    a_IBUF[1]
    SLICE_X43Y53         LUT5 (Prop_lut5_I3_O)        0.124     4.321 r  s_OBUF[1]_inst_i_1/O
                         net (fo=1, routed)           1.664     5.985    s_OBUF[1]
    M15                  OBUF (Prop_obuf_I_O)         3.539     9.525 r  s_OBUF[1]_inst/O
                         net (fo=0)                   0.000     9.525    s[1]
    M15                                                               r  s[1] (OUT)
  -------------------------------------------------------------------    -------------------

Slack:                    inf
  Source:                 cin
                            (input port)
  Destination:            s[0]
                            (output port)
  Path Group:             (none)
  Path Type:              Max at Slow Process Corner
  Data Path Delay:        9.275ns  (logic 5.374ns (57.943%)  route 3.901ns (42.057%))
  Logic Levels:           3  (IBUF=1 LUT3=1 OBUF=1)

    Location             Delay type                Incr(ns)  Path(ns)    Netlist Resource(s)
  -------------------------------------------------------------------    -------------------
    K18                                               0.000     0.000 r  cin (IN)
                         net (fo=0)                   0.000     0.000    cin
    K18                  IBUF (Prop_ibuf_I_O)         1.489     1.489 r  cin_IBUF_inst/O
                         net (fo=3, routed)           2.227     3.716    cin_IBUF
    SLICE_X43Y53         LUT3 (Prop_lut3_I0_O)        0.152     3.868 r  s_OBUF[0]_inst_i_1/O
                         net (fo=1, routed)           1.674     5.541    s_OBUF[0]
    M14                  OBUF (Prop_obuf_I_O)         3.733     9.275 r  s_OBUF[0]_inst/O
                         net (fo=0)                   0.000     9.275    s[0]
    M14                                                               r  s[0] (OUT)
  -------------------------------------------------------------------    -------------------





Min Delay Paths
--------------------------------------------------------------------------------------
Slack:                    inf
  Source:                 a[0]
                            (input port)
  Destination:            s[1]
                            (output port)
  Path Group:             (none)
  Path Type:              Min at Fast Process Corner
  Data Path Delay:        2.370ns  (logic 1.505ns (63.521%)  route 0.865ns (36.479%))
  Logic Levels:           3  (IBUF=1 LUT5=1 OBUF=1)

    Location             Delay type                Incr(ns)  Path(ns)    Netlist Resource(s)
  -------------------------------------------------------------------    -------------------
    G15                                               0.000     0.000 r  a[0] (IN)
                         net (fo=0)                   0.000     0.000    a[0]
    G15                  IBUF (Prop_ibuf_I_O)         0.220     0.220 r  a_IBUF[0]_inst/O
                         net (fo=3, routed)           0.533     0.754    a_IBUF[0]
    SLICE_X43Y53         LUT5 (Prop_lut5_I0_O)        0.045     0.799 r  s_OBUF[1]_inst_i_1/O
                         net (fo=1, routed)           0.331     1.130    s_OBUF[1]
    M15                  OBUF (Prop_obuf_I_O)         1.240     2.370 r  s_OBUF[1]_inst/O
                         net (fo=0)                   0.000     2.370    s[1]
    M15                                                               r  s[1] (OUT)
  -------------------------------------------------------------------    -------------------

Slack:                    inf
  Source:                 a[0]
                            (input port)
  Destination:            s[0]
                            (output port)
  Path Group:             (none)
  Path Type:              Min at Fast Process Corner
  Data Path Delay:        2.421ns  (logic 1.561ns (64.445%)  route 0.861ns (35.555%))
  Logic Levels:           3  (IBUF=1 LUT3=1 OBUF=1)

    Location             Delay type                Incr(ns)  Path(ns)    Netlist Resource(s)
  -------------------------------------------------------------------    -------------------
    G15                                               0.000     0.000 r  a[0] (IN)
                         net (fo=0)                   0.000     0.000    a[0]
    G15                  IBUF (Prop_ibuf_I_O)         0.220     0.220 r  a_IBUF[0]_inst/O
                         net (fo=3, routed)           0.533     0.754    a_IBUF[0]
    SLICE_X43Y53         LUT3 (Prop_lut3_I1_O)        0.046     0.800 r  s_OBUF[0]_inst_i_1/O
                         net (fo=1, routed)           0.328     1.127    s_OBUF[0]
    M14                  OBUF (Prop_obuf_I_O)         1.294     2.421 r  s_OBUF[0]_inst/O
                         net (fo=0)                   0.000     2.421    s[0]
    M14                                                               r  s[0] (OUT)
  -------------------------------------------------------------------    -------------------

Slack:                    inf
  Source:                 a[0]
                            (input port)
  Destination:            cout
                            (output port)
  Path Group:             (none)
  Path Type:              Min at Fast Process Corner
  Data Path Delay:        3.007ns  (logic 1.452ns (48.302%)  route 1.554ns (51.698%))
  Logic Levels:           3  (IBUF=1 LUT5=1 OBUF=1)

    Location             Delay type                Incr(ns)  Path(ns)    Netlist Resource(s)
  -------------------------------------------------------------------    -------------------
    G15                                               0.000     0.000 r  a[0] (IN)
                         net (fo=0)                   0.000     0.000    a[0]
    G15                  IBUF (Prop_ibuf_I_O)         0.220     0.220 r  a_IBUF[0]_inst/O
                         net (fo=3, routed)           0.533     0.754    fa2/a_IBUF[0]
    SLICE_X43Y53         LUT5 (Prop_lut5_I2_O)        0.045     0.799 r  fa2/o1/O
                         net (fo=1, routed)           1.021     1.820    cout_OBUF
    G14                  OBUF (Prop_obuf_I_O)         1.187     3.007 r  cout_OBUF_inst/O
                         net (fo=0)                   0.000     3.007    cout
    G14                                                               r  cout (OUT)
  -------------------------------------------------------------------    -------------------





