
*** Running vivado
    with args -log soda_machine_wrapper.vds -m64 -product Vivado -mode batch -messageDb vivado.pb -notrace -source soda_machine_wrapper.tcl


ECHO is off.
ECHO is off.

****** Vivado v2023.1 (64-bit)
  **** SW Build 3865809 on Sun May  7 15:05:29 MDT 2023
  **** IP Build 3864474 on Sun May  7 20:36:21 MDT 2023
  **** SharedData Build 3865790 on Sun May 07 13:33:03 MDT 2023
    ** Copyright 1986-2022 Xilinx, Inc. All Rights Reserved.
    ** Copyright 2022-2023 Advanced Micro Devices, Inc. All Rights Reserved.

source soda_machine_wrapper.tcl -notrace
create_project: Time (s): cpu = 00:00:11 ; elapsed = 00:00:12 . Memory (MB): peak = 468.574 ; gain = 196.254
Command: read_checkpoint -auto_incremental -incremental {Y:/School/ECE 530 - Digital Hardware Design/Activities/03/Soda_Machine/Soda_Machine.srcs/utils_1/imports/synth_1/soda_machine_top.dcp}
INFO: [Vivado 12-5825] Read reference checkpoint from Y:/School/ECE 530 - Digital Hardware Design/Activities/03/Soda_Machine/Soda_Machine.srcs/utils_1/imports/synth_1/soda_machine_top.dcp for incremental synthesis
INFO: [Vivado 12-7989] Please ensure there are no constraint changes
Command: synth_design -top soda_machine_wrapper -part xc7z010clg400-1
Starting synth_design
Attempting to get a license for feature 'Synthesis' and/or device 'xc7z010'
INFO: [Common 17-349] Got license for feature 'Synthesis' and/or device 'xc7z010'
INFO: [Device 21-403] Loading part xc7z010clg400-1
INFO: [Designutils 20-5440] No compile time benefit to using incremental synthesis; A full resynthesis will be run
INFO: [Designutils 20-4379] Flow is switching to default flow due to incremental criteria not met. If you would like to alter this behaviour and have the flow terminate instead, please set the following parameter config_implementation {autoIncr.Synth.RejectBehavior Terminate}
INFO: [Synth 8-7079] Multithreading enabled for synth_design using a maximum of 2 processes.
INFO: [Synth 8-7078] Launching helper process for spawning children vivado processes
INFO: [Synth 8-7075] Helper process launched with PID 8144
---------------------------------------------------------------------------------
Starting RTL Elaboration : Time (s): cpu = 00:00:07 ; elapsed = 00:00:09 . Memory (MB): peak = 1288.270 ; gain = 412.316
---------------------------------------------------------------------------------
INFO: [Synth 8-6157] synthesizing module 'soda_machine_wrapper' [Y:/School/ECE 530 - Digital Hardware Design/Activities/03/Soda_Machine/Soda_Machine.srcs/sources_1/new/soda_machine_wrapper.v:28]
INFO: [Synth 8-6157] synthesizing module 'freq_div' [Y:/School/ECE 530 - Digital Hardware Design/Activities/03/Soda_Machine/Soda_Machine.srcs/sources_1/new/freq_div.v:24]
	Parameter divisor_size bound to: 14 - type: integer 
	Parameter divisor bound to: 14'b11000011010100 
INFO: [Synth 8-6155] done synthesizing module 'freq_div' (0#1) [Y:/School/ECE 530 - Digital Hardware Design/Activities/03/Soda_Machine/Soda_Machine.srcs/sources_1/new/freq_div.v:24]
INFO: [Synth 8-6157] synthesizing module 'freq_div__parameterized0' [Y:/School/ECE 530 - Digital Hardware Design/Activities/03/Soda_Machine/Soda_Machine.srcs/sources_1/new/freq_div.v:24]
	Parameter divisor_size bound to: 5 - type: integer 
	Parameter divisor bound to: 5'b01100 
INFO: [Synth 8-6155] done synthesizing module 'freq_div__parameterized0' (0#1) [Y:/School/ECE 530 - Digital Hardware Design/Activities/03/Soda_Machine/Soda_Machine.srcs/sources_1/new/freq_div.v:24]
INFO: [Synth 8-6157] synthesizing module 'edge_det_and_synch' [Y:/School/ECE 530 - Digital Hardware Design/Activities/03/Soda_Machine/Soda_Machine.srcs/sources_1/new/Edge_Det_and_Synch.v:24]
INFO: [Synth 8-6157] synthesizing module 'd_ff' [Y:/School/ECE 530 - Digital Hardware Design/Activities/03/Soda_Machine/Soda_Machine.srcs/sources_1/new/D_FF.v:25]
INFO: [Synth 8-6155] done synthesizing module 'd_ff' (0#1) [Y:/School/ECE 530 - Digital Hardware Design/Activities/03/Soda_Machine/Soda_Machine.srcs/sources_1/new/D_FF.v:25]
INFO: [Synth 8-6157] synthesizing module 'Edge_Det' [Y:/School/ECE 530 - Digital Hardware Design/Activities/03/Soda_Machine/Soda_Machine.srcs/sources_1/new/Edge_Det.v:26]
INFO: [Synth 8-6155] done synthesizing module 'Edge_Det' (0#1) [Y:/School/ECE 530 - Digital Hardware Design/Activities/03/Soda_Machine/Soda_Machine.srcs/sources_1/new/Edge_Det.v:26]
INFO: [Synth 8-6155] done synthesizing module 'edge_det_and_synch' (0#1) [Y:/School/ECE 530 - Digital Hardware Design/Activities/03/Soda_Machine/Soda_Machine.srcs/sources_1/new/Edge_Det_and_Synch.v:24]
INFO: [Synth 8-6157] synthesizing module 'soda_machine_top' [Y:/School/ECE 530 - Digital Hardware Design/Activities/03/Soda_Machine/Soda_Machine.srcs/sources_1/new/soda_machine_top.v:24]
INFO: [Synth 8-6157] synthesizing module 'soda_machine_fsm' [Y:/School/ECE 530 - Digital Hardware Design/Activities/03/Soda_Machine/Soda_Machine.srcs/sources_1/new/soda_machine_fsm.v:22]
INFO: [Synth 8-155] case statement is not full and has no default [Y:/School/ECE 530 - Digital Hardware Design/Activities/03/Soda_Machine/Soda_Machine.srcs/sources_1/new/soda_machine_fsm.v:58]
INFO: [Synth 8-6155] done synthesizing module 'soda_machine_fsm' (0#1) [Y:/School/ECE 530 - Digital Hardware Design/Activities/03/Soda_Machine/Soda_Machine.srcs/sources_1/new/soda_machine_fsm.v:22]
INFO: [Synth 8-6157] synthesizing module 'soda_machine_datapath' [Y:/School/ECE 530 - Digital Hardware Design/Activities/03/Soda_Machine/Soda_Machine.srcs/sources_1/new/soda_machine_datapath.v:23]
INFO: [Synth 8-6157] synthesizing module 'n_bit_adder' [Y:/School/ECE 530 - Digital Hardware Design/Activities/03/Soda_Machine/Soda_Machine.srcs/sources_1/new/n_bit_adder .v:19]
	Parameter WIDTH bound to: 8 - type: integer 
INFO: [Synth 8-6157] synthesizing module 'full_adder' [Y:/School/ECE 530 - Digital Hardware Design/Activities/03/Soda_Machine/Soda_Machine.srcs/sources_1/new/full_adder.v:25]
INFO: [Synth 8-6155] done synthesizing module 'full_adder' (0#1) [Y:/School/ECE 530 - Digital Hardware Design/Activities/03/Soda_Machine/Soda_Machine.srcs/sources_1/new/full_adder.v:25]
INFO: [Synth 8-6155] done synthesizing module 'n_bit_adder' (0#1) [Y:/School/ECE 530 - Digital Hardware Design/Activities/03/Soda_Machine/Soda_Machine.srcs/sources_1/new/n_bit_adder .v:19]
WARNING: [Synth 8-7071] port 'cout' of module 'n_bit_adder' is unconnected for instance 'add_tot' [Y:/School/ECE 530 - Digital Hardware Design/Activities/03/Soda_Machine/Soda_Machine.srcs/sources_1/new/soda_machine_datapath.v:48]
WARNING: [Synth 8-7023] instance 'add_tot' of module 'n_bit_adder' has 5 connections declared, but only 4 given [Y:/School/ECE 530 - Digital Hardware Design/Activities/03/Soda_Machine/Soda_Machine.srcs/sources_1/new/soda_machine_datapath.v:48]
INFO: [Synth 8-6157] synthesizing module 'n_bit_compare' [Y:/School/ECE 530 - Digital Hardware Design/Activities/03/Soda_Machine/Soda_Machine.srcs/sources_1/new/n_bit_compare.v:19]
	Parameter WIDTH bound to: 8 - type: integer 
INFO: [Synth 8-6157] synthesizing module 'compare_cell' [Y:/School/ECE 530 - Digital Hardware Design/Activities/03/Soda_Machine/Soda_Machine.srcs/sources_1/new/compare_cell.v:18]
INFO: [Synth 8-6155] done synthesizing module 'compare_cell' (0#1) [Y:/School/ECE 530 - Digital Hardware Design/Activities/03/Soda_Machine/Soda_Machine.srcs/sources_1/new/compare_cell.v:18]
INFO: [Synth 8-6155] done synthesizing module 'n_bit_compare' (0#1) [Y:/School/ECE 530 - Digital Hardware Design/Activities/03/Soda_Machine/Soda_Machine.srcs/sources_1/new/n_bit_compare.v:19]
INFO: [Synth 8-6157] synthesizing module 'n_bit_sub' [Y:/School/ECE 530 - Digital Hardware Design/Activities/03/Soda_Machine/Soda_Machine.srcs/sources_1/imports/new/n_bit_sub.v:23]
	Parameter WIDTH bound to: 8 - type: integer 
INFO: [Synth 8-6157] synthesizing module 'n_bit_twos_comp' [Y:/School/ECE 530 - Digital Hardware Design/Activities/03/Soda_Machine/Soda_Machine.srcs/sources_1/imports/new/n_bit_twos_comp.v:22]
	Parameter WIDTH bound to: 8 - type: integer 
INFO: [Synth 8-6155] done synthesizing module 'n_bit_twos_comp' (0#1) [Y:/School/ECE 530 - Digital Hardware Design/Activities/03/Soda_Machine/Soda_Machine.srcs/sources_1/imports/new/n_bit_twos_comp.v:22]
INFO: [Synth 8-6155] done synthesizing module 'n_bit_sub' (0#1) [Y:/School/ECE 530 - Digital Hardware Design/Activities/03/Soda_Machine/Soda_Machine.srcs/sources_1/imports/new/n_bit_sub.v:23]
INFO: [Synth 8-6155] done synthesizing module 'soda_machine_datapath' (0#1) [Y:/School/ECE 530 - Digital Hardware Design/Activities/03/Soda_Machine/Soda_Machine.srcs/sources_1/new/soda_machine_datapath.v:23]
INFO: [Synth 8-6155] done synthesizing module 'soda_machine_top' (0#1) [Y:/School/ECE 530 - Digital Hardware Design/Activities/03/Soda_Machine/Soda_Machine.srcs/sources_1/new/soda_machine_top.v:24]
INFO: [Synth 8-6157] synthesizing module 'Binary_to_BCD' [Y:/School/ECE 530 - Digital Hardware Design/Activities/03/Soda_Machine/Soda_Machine.srcs/sources_1/imports/Sources/Binary_to_BCD.v:24]
INFO: [Synth 8-6157] synthesizing module 'C' [Y:/School/ECE 530 - Digital Hardware Design/Activities/03/Soda_Machine/Soda_Machine.srcs/sources_1/imports/Sources/C.v:23]
INFO: [Synth 8-6155] done synthesizing module 'C' (0#1) [Y:/School/ECE 530 - Digital Hardware Design/Activities/03/Soda_Machine/Soda_Machine.srcs/sources_1/imports/Sources/C.v:23]
WARNING: [Synth 8-689] width (35) of port connection 'addr' does not match port width (4) of module 'C' [Y:/School/ECE 530 - Digital Hardware Design/Activities/03/Soda_Machine/Soda_Machine.srcs/sources_1/imports/Sources/Binary_to_BCD.v:34]
WARNING: [Synth 8-689] width (35) of port connection 'addr' does not match port width (4) of module 'C' [Y:/School/ECE 530 - Digital Hardware Design/Activities/03/Soda_Machine/Soda_Machine.srcs/sources_1/imports/Sources/Binary_to_BCD.v:39]
INFO: [Synth 8-6155] done synthesizing module 'Binary_to_BCD' (0#1) [Y:/School/ECE 530 - Digital Hardware Design/Activities/03/Soda_Machine/Soda_Machine.srcs/sources_1/imports/Sources/Binary_to_BCD.v:24]
INFO: [Synth 8-6157] synthesizing module 'oled_driver' [Y:/School/ECE 530 - Digital Hardware Design/Activities/03/Soda_Machine/Soda_Machine.srcs/sources_1/imports/OLED/oled_driver.sv:5]
	Parameter CLOCK_FREQUENCY bound to: 32'sb00000000100111101111001000011011 
INFO: [Synth 8-155] case statement is not full and has no default [Y:/School/ECE 530 - Digital Hardware Design/Activities/03/Soda_Machine/Soda_Machine.srcs/sources_1/imports/OLED/oled_driver.sv:923]
INFO: [Synth 8-155] case statement is not full and has no default [Y:/School/ECE 530 - Digital Hardware Design/Activities/03/Soda_Machine/Soda_Machine.srcs/sources_1/imports/OLED/oled_driver.sv:1125]
INFO: [Synth 8-155] case statement is not full and has no default [Y:/School/ECE 530 - Digital Hardware Design/Activities/03/Soda_Machine/Soda_Machine.srcs/sources_1/imports/OLED/oled_driver.sv:1139]
INFO: [Synth 8-155] case statement is not full and has no default [Y:/School/ECE 530 - Digital Hardware Design/Activities/03/Soda_Machine/Soda_Machine.srcs/sources_1/imports/OLED/oled_driver.sv:909]
INFO: [Synth 8-6155] done synthesizing module 'oled_driver' (0#1) [Y:/School/ECE 530 - Digital Hardware Design/Activities/03/Soda_Machine/Soda_Machine.srcs/sources_1/imports/OLED/oled_driver.sv:5]
WARNING: [Synth 8-7071] port 'cleared' of module 'oled_driver' is unconnected for instance 'oled' [Y:/School/ECE 530 - Digital Hardware Design/Activities/03/Soda_Machine/Soda_Machine.srcs/sources_1/new/soda_machine_wrapper.v:107]
WARNING: [Synth 8-7023] instance 'oled' of module 'oled_driver' has 22 connections declared, but only 21 given [Y:/School/ECE 530 - Digital Hardware Design/Activities/03/Soda_Machine/Soda_Machine.srcs/sources_1/new/soda_machine_wrapper.v:107]
INFO: [Synth 8-6155] done synthesizing module 'soda_machine_wrapper' (0#1) [Y:/School/ECE 530 - Digital Hardware Design/Activities/03/Soda_Machine/Soda_Machine.srcs/sources_1/new/soda_machine_wrapper.v:28]
WARNING: [Synth 8-7137] Register prev_characters_r1_reg in module soda_machine_wrapper has both Set and reset with same priority. This may cause simulation mismatches. Consider rewriting code  [Y:/School/ECE 530 - Digital Hardware Design/Activities/03/Soda_Machine/Soda_Machine.srcs/sources_1/new/soda_machine_wrapper.v:177]
WARNING: [Synth 8-7137] Register prev_characters_r2_reg in module soda_machine_wrapper has both Set and reset with same priority. This may cause simulation mismatches. Consider rewriting code  [Y:/School/ECE 530 - Digital Hardware Design/Activities/03/Soda_Machine/Soda_Machine.srcs/sources_1/new/soda_machine_wrapper.v:177]
WARNING: [Synth 8-7137] Register prev_characters_r3_reg in module soda_machine_wrapper has both Set and reset with same priority. This may cause simulation mismatches. Consider rewriting code  [Y:/School/ECE 530 - Digital Hardware Design/Activities/03/Soda_Machine/Soda_Machine.srcs/sources_1/new/soda_machine_wrapper.v:177]
WARNING: [Synth 8-7137] Register bg_r_reg in module soda_machine_wrapper has both Set and reset with same priority. This may cause simulation mismatches. Consider rewriting code  [Y:/School/ECE 530 - Digital Hardware Design/Activities/03/Soda_Machine/Soda_Machine.srcs/sources_1/new/soda_machine_wrapper.v:128]
WARNING: [Synth 8-7137] Register bg_g_reg in module soda_machine_wrapper has both Set and reset with same priority. This may cause simulation mismatches. Consider rewriting code  [Y:/School/ECE 530 - Digital Hardware Design/Activities/03/Soda_Machine/Soda_Machine.srcs/sources_1/new/soda_machine_wrapper.v:129]
WARNING: [Synth 8-7137] Register bg_b_reg in module soda_machine_wrapper has both Set and reset with same priority. This may cause simulation mismatches. Consider rewriting code  [Y:/School/ECE 530 - Digital Hardware Design/Activities/03/Soda_Machine/Soda_Machine.srcs/sources_1/new/soda_machine_wrapper.v:130]
WARNING: [Synth 8-7137] Register txt_r_reg in module soda_machine_wrapper has both Set and reset with same priority. This may cause simulation mismatches. Consider rewriting code  [Y:/School/ECE 530 - Digital Hardware Design/Activities/03/Soda_Machine/Soda_Machine.srcs/sources_1/new/soda_machine_wrapper.v:131]
WARNING: [Synth 8-7137] Register txt_g_reg in module soda_machine_wrapper has both Set and reset with same priority. This may cause simulation mismatches. Consider rewriting code  [Y:/School/ECE 530 - Digital Hardware Design/Activities/03/Soda_Machine/Soda_Machine.srcs/sources_1/new/soda_machine_wrapper.v:132]
WARNING: [Synth 8-7137] Register txt_b_reg in module soda_machine_wrapper has both Set and reset with same priority. This may cause simulation mismatches. Consider rewriting code  [Y:/School/ECE 530 - Digital Hardware Design/Activities/03/Soda_Machine/Soda_Machine.srcs/sources_1/new/soda_machine_wrapper.v:133]
WARNING: [Synth 8-7137] Register chng_reg in module soda_machine_wrapper has both Set and reset with same priority. This may cause simulation mismatches. Consider rewriting code  [Y:/School/ECE 530 - Digital Hardware Design/Activities/03/Soda_Machine/Soda_Machine.srcs/sources_1/new/soda_machine_wrapper.v:101]
WARNING: [Synth 8-7137] Register wait_cycles_reg in module soda_machine_wrapper has both Set and reset with same priority. This may cause simulation mismatches. Consider rewriting code  [Y:/School/ECE 530 - Digital Hardware Design/Activities/03/Soda_Machine/Soda_Machine.srcs/sources_1/new/soda_machine_wrapper.v:213]
WARNING: [Synth 8-7137] Register wait_count_reg in module soda_machine_wrapper has both Set and reset with same priority. This may cause simulation mismatches. Consider rewriting code  [Y:/School/ECE 530 - Digital Hardware Design/Activities/03/Soda_Machine/Soda_Machine.srcs/sources_1/new/soda_machine_wrapper.v:214]
WARNING: [Synth 8-7137] Register characters_r1_reg in module soda_machine_wrapper has both Set and reset with same priority. This may cause simulation mismatches. Consider rewriting code  [Y:/School/ECE 530 - Digital Hardware Design/Activities/03/Soda_Machine/Soda_Machine.srcs/sources_1/new/soda_machine_wrapper.v:230]
WARNING: [Synth 8-7137] Register characters_r2_reg in module soda_machine_wrapper has both Set and reset with same priority. This may cause simulation mismatches. Consider rewriting code  [Y:/School/ECE 530 - Digital Hardware Design/Activities/03/Soda_Machine/Soda_Machine.srcs/sources_1/new/soda_machine_wrapper.v:231]
WARNING: [Synth 8-7137] Register characters_r3_reg in module soda_machine_wrapper has both Set and reset with same priority. This may cause simulation mismatches. Consider rewriting code  [Y:/School/ECE 530 - Digital Hardware Design/Activities/03/Soda_Machine/Soda_Machine.srcs/sources_1/new/soda_machine_wrapper.v:232]
WARNING: [Synth 8-7137] Register price_acptd_reg in module soda_machine_wrapper has both Set and reset with same priority. This may cause simulation mismatches. Consider rewriting code  [Y:/School/ECE 530 - Digital Hardware Design/Activities/03/Soda_Machine/Soda_Machine.srcs/sources_1/new/soda_machine_wrapper.v:96]
WARNING: [Synth 8-3848] Net led in module/entity soda_machine_wrapper does not have driver. [Y:/School/ECE 530 - Digital Hardware Design/Activities/03/Soda_Machine/Soda_Machine.srcs/sources_1/new/soda_machine_wrapper.v:32]
WARNING: [Synth 8-7129] Port lt_in in module compare_cell is either unconnected or has no load
WARNING: [Synth 8-7129] Port ja[2] in module soda_machine_wrapper is either unconnected or has no load
WARNING: [Synth 8-7129] Port led[3] in module soda_machine_wrapper is either unconnected or has no load
WARNING: [Synth 8-7129] Port led[2] in module soda_machine_wrapper is either unconnected or has no load
WARNING: [Synth 8-7129] Port led[1] in module soda_machine_wrapper is either unconnected or has no load
WARNING: [Synth 8-7129] Port led[0] in module soda_machine_wrapper is either unconnected or has no load
---------------------------------------------------------------------------------
Finished RTL Elaboration : Time (s): cpu = 00:00:11 ; elapsed = 00:00:13 . Memory (MB): peak = 1420.012 ; gain = 544.059
---------------------------------------------------------------------------------
---------------------------------------------------------------------------------
Start Handling Custom Attributes
---------------------------------------------------------------------------------
---------------------------------------------------------------------------------
Finished Handling Custom Attributes : Time (s): cpu = 00:00:11 ; elapsed = 00:00:13 . Memory (MB): peak = 1420.012 ; gain = 544.059
---------------------------------------------------------------------------------
---------------------------------------------------------------------------------
Finished RTL Optimization Phase 1 : Time (s): cpu = 00:00:11 ; elapsed = 00:00:13 . Memory (MB): peak = 1420.012 ; gain = 544.059
---------------------------------------------------------------------------------
Netlist sorting complete. Time (s): cpu = 00:00:01 ; elapsed = 00:00:00.059 . Memory (MB): peak = 1420.012 ; gain = 0.000
INFO: [Project 1-570] Preparing netlist for logic optimization

Processing XDC Constraints
Initializing timing engine
Parsing XDC File [Y:/School/ECE 530 - Digital Hardware Design/Activities/03/Soda_Machine/Soda_Machine.srcs/constrs_1/imports/03/zybo_z7_master.xdc]
Finished Parsing XDC File [Y:/School/ECE 530 - Digital Hardware Design/Activities/03/Soda_Machine/Soda_Machine.srcs/constrs_1/imports/03/zybo_z7_master.xdc]
INFO: [Project 1-236] Implementation specific constraints were found while reading constraint file [Y:/School/ECE 530 - Digital Hardware Design/Activities/03/Soda_Machine/Soda_Machine.srcs/constrs_1/imports/03/zybo_z7_master.xdc]. These constraints will be ignored for synthesis but will be used in implementation. Impacted constraints are listed in the file [.Xil/soda_machine_wrapper_propImpl.xdc].
Resolution: To avoid this warning, move constraints listed in [.Xil/soda_machine_wrapper_propImpl.xdc] to another XDC file and exclude this new file from synthesis with the used_in_synthesis property (File Properties dialog in GUI) and re-run elaboration/synthesis.
Completed Processing XDC Constraints

Netlist sorting complete. Time (s): cpu = 00:00:00 ; elapsed = 00:00:00.001 . Memory (MB): peak = 1524.160 ; gain = 0.000
INFO: [Project 1-111] Unisim Transformation Summary:
No Unisim elements were transformed.

Constraint Validation Runtime : Time (s): cpu = 00:00:00 ; elapsed = 00:00:00.016 . Memory (MB): peak = 1524.160 ; gain = 0.000
INFO: [Designutils 20-5440] No compile time benefit to using incremental synthesis; A full resynthesis will be run
INFO: [Designutils 20-4379] Flow is switching to default flow due to incremental criteria not met. If you would like to alter this behaviour and have the flow terminate instead, please set the following parameter config_implementation {autoIncr.Synth.RejectBehavior Terminate}
---------------------------------------------------------------------------------
Finished Constraint Validation : Time (s): cpu = 00:00:22 ; elapsed = 00:00:25 . Memory (MB): peak = 1524.160 ; gain = 648.207
---------------------------------------------------------------------------------
---------------------------------------------------------------------------------
Start Loading Part and Timing Information
---------------------------------------------------------------------------------
Loading part: xc7z010clg400-1
---------------------------------------------------------------------------------
Finished Loading Part and Timing Information : Time (s): cpu = 00:00:22 ; elapsed = 00:00:25 . Memory (MB): peak = 1524.160 ; gain = 648.207
---------------------------------------------------------------------------------
---------------------------------------------------------------------------------
Start Applying 'set_property' XDC Constraints
---------------------------------------------------------------------------------
---------------------------------------------------------------------------------
Finished applying 'set_property' XDC Constraints : Time (s): cpu = 00:00:23 ; elapsed = 00:00:25 . Memory (MB): peak = 1524.160 ; gain = 648.207
---------------------------------------------------------------------------------
INFO: [Synth 8-802] inferred FSM for state register 'state_reg' in module 'soda_machine_fsm'
---------------------------------------------------------------------------------------------------
                   State |                     New Encoding |                Previous Encoding 
---------------------------------------------------------------------------------------------------
*
                 st_init |                             0001 |                             0001
                 st_wait |                             0010 |                             0010
                  st_add |                             0100 |                             0100
                 st_disp |                             1000 |                             1000
---------------------------------------------------------------------------------------------------
INFO: [Synth 8-3898] No Re-encoding of one hot register 'state_reg' in module 'soda_machine_fsm'
---------------------------------------------------------------------------------
Finished RTL Optimization Phase 2 : Time (s): cpu = 00:00:27 ; elapsed = 00:00:30 . Memory (MB): peak = 1524.160 ; gain = 648.207
---------------------------------------------------------------------------------
---------------------------------------------------------------------------------
Start RTL Component Statistics 
---------------------------------------------------------------------------------
Detailed RTL Component Info : 
+---Adders : 
	   2 Input   32 Bit       Adders := 1     
	   2 Input   25 Bit       Adders := 1     
	   2 Input   13 Bit       Adders := 1     
	   2 Input    8 Bit       Adders := 2     
	   2 Input    7 Bit       Adders := 2     
	   2 Input    6 Bit       Adders := 3     
	   2 Input    4 Bit       Adders := 4     
	   2 Input    3 Bit       Adders := 4     
+---XORs : 
	   2 Input      1 Bit         XORs := 39    
+---Registers : 
	               96 Bit    Registers := 6     
	               32 Bit    Registers := 1     
	               25 Bit    Registers := 2     
	               13 Bit    Registers := 1     
	                8 Bit    Registers := 41    
	                7 Bit    Registers := 1     
	                6 Bit    Registers := 5     
	                5 Bit    Registers := 3     
	                4 Bit    Registers := 6     
	                3 Bit    Registers := 4     
	                1 Bit    Registers := 29    
+---Muxes : 
	   2 Input   96 Bit        Muxes := 2     
	   7 Input   96 Bit        Muxes := 2     
	   2 Input   32 Bit        Muxes := 6     
	   4 Input   32 Bit        Muxes := 2     
	   2 Input   25 Bit        Muxes := 2     
	   7 Input   25 Bit        Muxes := 1     
	   2 Input   13 Bit        Muxes := 1     
	   2 Input    8 Bit        Muxes := 344   
	   4 Input    8 Bit        Muxes := 11    
	   3 Input    8 Bit        Muxes := 12    
	 256 Input    8 Bit        Muxes := 7     
	   7 Input    8 Bit        Muxes := 1     
	   2 Input    7 Bit        Muxes := 4     
	   6 Input    7 Bit        Muxes := 2     
	   7 Input    7 Bit        Muxes := 1     
	   2 Input    6 Bit        Muxes := 3     
	 256 Input    6 Bit        Muxes := 1     
	   7 Input    6 Bit        Muxes := 2     
	   2 Input    5 Bit        Muxes := 2     
	   7 Input    5 Bit        Muxes := 2     
	   4 Input    5 Bit        Muxes := 1     
	   2 Input    4 Bit        Muxes := 17    
	   5 Input    4 Bit        Muxes := 1     
	   4 Input    4 Bit        Muxes := 1     
	 256 Input    4 Bit        Muxes := 1     
	   2 Input    3 Bit        Muxes := 24    
	   4 Input    3 Bit        Muxes := 2     
	  35 Input    3 Bit        Muxes := 1     
	 256 Input    3 Bit        Muxes := 1     
	   2 Input    2 Bit        Muxes := 1     
	   2 Input    1 Bit        Muxes := 86    
	   3 Input    1 Bit        Muxes := 6     
	   5 Input    1 Bit        Muxes := 5     
	   4 Input    1 Bit        Muxes := 23    
	   7 Input    1 Bit        Muxes := 6     
---------------------------------------------------------------------------------
Finished RTL Component Statistics 
---------------------------------------------------------------------------------
---------------------------------------------------------------------------------
Start Part Resource Summary
---------------------------------------------------------------------------------
Part Resources:
DSPs: 80 (col length:40)
BRAMs: 120 (col length: RAMB18 40 RAMB36 20)
---------------------------------------------------------------------------------
Finished Part Resource Summary
---------------------------------------------------------------------------------
---------------------------------------------------------------------------------
Start Cross Boundary and Area Optimization
---------------------------------------------------------------------------------
WARNING: [Synth 8-7080] Parallel synthesis criteria is not met
WARNING: [Synth 8-7129] Port ja[2] in module soda_machine_wrapper is either unconnected or has no load
WARNING: [Synth 8-7129] Port led[3] in module soda_machine_wrapper is either unconnected or has no load
WARNING: [Synth 8-7129] Port led[2] in module soda_machine_wrapper is either unconnected or has no load
WARNING: [Synth 8-7129] Port led[1] in module soda_machine_wrapper is either unconnected or has no load
WARNING: [Synth 8-7129] Port led[0] in module soda_machine_wrapper is either unconnected or has no load
---------------------------------------------------------------------------------
Finished Cross Boundary and Area Optimization : Time (s): cpu = 00:00:57 ; elapsed = 00:01:02 . Memory (MB): peak = 1524.160 ; gain = 648.207
---------------------------------------------------------------------------------
---------------------------------------------------------------------------------
Start ROM, RAM, DSP, Shift Register and Retiming Reporting
---------------------------------------------------------------------------------

ROM: Preliminary Mapping Report
+------------+------------+---------------+----------------+
|Module Name | RTL Object | Depth x Width | Implemented As | 
+------------+------------+---------------+----------------+
|oled_driver | OPERATIONS | 64x3          | LUT            | 
|oled_driver | SPI_BYTES  | 64x8          | LUT            | 
|oled_driver | SPI_BYTES  | 64x8          | LUT            | 
|oled_driver | SPI_BYTES  | 64x8          | LUT            | 
|oled_driver | SPI_BYTES  | 64x8          | LUT            | 
|oled_driver | SPI_BYTES  | 64x8          | LUT            | 
|oled_driver | SPI_BYTES  | 64x8          | LUT            | 
|oled_driver | SPI_BYTES  | 64x8          | LUT            | 
|oled_driver | SPI_BYTES  | 64x8          | LUT            | 
|oled_driver | SPI_BYTES  | 64x8          | LUT            | 
|oled_driver | SPI_BYTES  | 64x8          | LUT            | 
|oled_driver | SPI_BYTES  | 64x8          | LUT            | 
|oled_driver | SPI_BYTES  | 64x8          | LUT            | 
|oled_driver | SPI_BYTES  | 64x8          | LUT            | 
|oled_driver | SPI_BYTES  | 64x8          | LUT            | 
|oled_driver | SPI_BYTES  | 64x8          | LUT            | 
|oled_driver | SPI_BYTES  | 64x8          | LUT            | 
|oled_driver | SPI_BYTES  | 64x8          | LUT            | 
|oled_driver | SPI_BYTES  | 64x8          | LUT            | 
|oled_driver | SPI_BYTES  | 64x8          | LUT            | 
|oled_driver | SPI_BYTES  | 64x8          | LUT            | 
|oled_driver | SPI_BYTES  | 64x8          | LUT            | 
|oled_driver | SPI_BYTES  | 64x8          | LUT            | 
+------------+------------+---------------+----------------+

---------------------------------------------------------------------------------
Finished ROM, RAM, DSP, Shift Register and Retiming Reporting
---------------------------------------------------------------------------------
---------------------------------------------------------------------------------
Start Applying XDC Timing Constraints
---------------------------------------------------------------------------------
---------------------------------------------------------------------------------
Finished Applying XDC Timing Constraints : Time (s): cpu = 00:01:05 ; elapsed = 00:01:10 . Memory (MB): peak = 1524.160 ; gain = 648.207
---------------------------------------------------------------------------------
---------------------------------------------------------------------------------
Start Timing Optimization
---------------------------------------------------------------------------------
---------------------------------------------------------------------------------
Finished Timing Optimization : Time (s): cpu = 00:01:05 ; elapsed = 00:01:11 . Memory (MB): peak = 1524.160 ; gain = 648.207
---------------------------------------------------------------------------------
---------------------------------------------------------------------------------
Start Technology Mapping
---------------------------------------------------------------------------------
---------------------------------------------------------------------------------
Finished Technology Mapping : Time (s): cpu = 00:01:06 ; elapsed = 00:01:12 . Memory (MB): peak = 1524.160 ; gain = 648.207
---------------------------------------------------------------------------------
---------------------------------------------------------------------------------
Start IO Insertion
---------------------------------------------------------------------------------
---------------------------------------------------------------------------------
Start Flattening Before IO Insertion
---------------------------------------------------------------------------------
---------------------------------------------------------------------------------
Finished Flattening Before IO Insertion
---------------------------------------------------------------------------------
---------------------------------------------------------------------------------
Start Final Netlist Cleanup
---------------------------------------------------------------------------------
---------------------------------------------------------------------------------
Finished Final Netlist Cleanup
---------------------------------------------------------------------------------
---------------------------------------------------------------------------------
Finished IO Insertion : Time (s): cpu = 00:01:13 ; elapsed = 00:01:18 . Memory (MB): peak = 1524.160 ; gain = 648.207
---------------------------------------------------------------------------------
---------------------------------------------------------------------------------
Start Renaming Generated Instances
---------------------------------------------------------------------------------
---------------------------------------------------------------------------------
Finished Renaming Generated Instances : Time (s): cpu = 00:01:13 ; elapsed = 00:01:18 . Memory (MB): peak = 1524.160 ; gain = 648.207
---------------------------------------------------------------------------------
---------------------------------------------------------------------------------
Start Rebuilding User Hierarchy
---------------------------------------------------------------------------------
---------------------------------------------------------------------------------
Finished Rebuilding User Hierarchy : Time (s): cpu = 00:01:13 ; elapsed = 00:01:18 . Memory (MB): peak = 1524.160 ; gain = 648.207
---------------------------------------------------------------------------------
---------------------------------------------------------------------------------
Start Renaming Generated Ports
---------------------------------------------------------------------------------
---------------------------------------------------------------------------------
Finished Renaming Generated Ports : Time (s): cpu = 00:01:13 ; elapsed = 00:01:18 . Memory (MB): peak = 1524.160 ; gain = 648.207
---------------------------------------------------------------------------------
---------------------------------------------------------------------------------
Start Handling Custom Attributes
---------------------------------------------------------------------------------
---------------------------------------------------------------------------------
Finished Handling Custom Attributes : Time (s): cpu = 00:01:13 ; elapsed = 00:01:19 . Memory (MB): peak = 1524.160 ; gain = 648.207
---------------------------------------------------------------------------------
---------------------------------------------------------------------------------
Start Renaming Generated Nets
---------------------------------------------------------------------------------
---------------------------------------------------------------------------------
Finished Renaming Generated Nets : Time (s): cpu = 00:01:13 ; elapsed = 00:01:19 . Memory (MB): peak = 1524.160 ; gain = 648.207
---------------------------------------------------------------------------------
---------------------------------------------------------------------------------
Start Writing Synthesis Report
---------------------------------------------------------------------------------

Report BlackBoxes: 
+-+--------------+----------+
| |BlackBox name |Instances |
+-+--------------+----------+
+-+--------------+----------+

Report Cell Usage: 
+------+-------+------+
|      |Cell   |Count |
+------+-------+------+
|1     |BUFG   |     3|
|2     |CARRY4 |    47|
|3     |LUT1   |    23|
|4     |LUT2   |   143|
|5     |LUT3   |   110|
|6     |LUT4   |   188|
|7     |LUT5   |   294|
|8     |LUT6   |   714|
|9     |MUXF7  |    11|
|10    |FDCE   |    38|
|11    |FDPE   |     4|
|12    |FDRE   |   462|
|13    |FDSE   |     5|
|14    |IBUF   |     9|
|15    |OBUF   |     7|
|16    |OBUFT  |     5|
+------+-------+------+
---------------------------------------------------------------------------------
Finished Writing Synthesis Report : Time (s): cpu = 00:01:13 ; elapsed = 00:01:19 . Memory (MB): peak = 1524.160 ; gain = 648.207
---------------------------------------------------------------------------------
Synthesis finished with 0 errors, 0 critical warnings and 6 warnings.
Synthesis Optimization Runtime : Time (s): cpu = 00:00:59 ; elapsed = 00:01:16 . Memory (MB): peak = 1524.160 ; gain = 544.059
Synthesis Optimization Complete : Time (s): cpu = 00:01:13 ; elapsed = 00:01:19 . Memory (MB): peak = 1524.160 ; gain = 648.207
INFO: [Project 1-571] Translating synthesized netlist
Netlist sorting complete. Time (s): cpu = 00:00:00 ; elapsed = 00:00:00.034 . Memory (MB): peak = 1524.160 ; gain = 0.000
INFO: [Netlist 29-17] Analyzing 58 Unisim elements for replacement
INFO: [Netlist 29-28] Unisim Transformation completed in 0 CPU seconds
INFO: [Project 1-570] Preparing netlist for logic optimization
INFO: [Opt 31-138] Pushed 0 inverter(s) to 0 load pin(s).
Netlist sorting complete. Time (s): cpu = 00:00:00 ; elapsed = 00:00:00.001 . Memory (MB): peak = 1524.160 ; gain = 0.000
INFO: [Project 1-111] Unisim Transformation Summary:
No Unisim elements were transformed.

Synth Design complete | Checksum: 1ead2eed
INFO: [Common 17-83] Releasing license: Synthesis
64 Infos, 35 Warnings, 0 Critical Warnings and 0 Errors encountered.
synth_design completed successfully
synth_design: Time (s): cpu = 00:01:21 ; elapsed = 00:01:28 . Memory (MB): peak = 1524.160 ; gain = 1030.738
INFO: [Common 17-1381] The checkpoint 'Y:/School/ECE 530 - Digital Hardware Design/Activities/03/Soda_Machine/Soda_Machine.runs/synth_1/soda_machine_wrapper.dcp' has been generated.
INFO: [runtcl-4] Executing : report_utilization -file soda_machine_wrapper_utilization_synth.rpt -pb soda_machine_wrapper_utilization_synth.pb
INFO: [Common 17-206] Exiting Vivado at Mon Oct 23 09:34:31 2023...
