C:\Users\rjxau\OneDrive - RJX AUTOMATION LLC\Projects\Simplot\2021_Caldwell_L5_Fry\Panels\New_Panels\CLD-EIC-L05-LAYOUT_20220221.dwg,A2,2/21/2022 2:25:25 PM,rjxau,DWG To PDF.pc3,ANSI full bleed D (22.00 x 34.00 Inches),1:3.76856,
C:\Users\rjxau\OneDrive - RJX AUTOMATION LLC\Projects\Simplot\2021_Caldwell_L5_Fry\Panels\New_Panels\CLD-EIC-L05-LAYOUT_20220221.dwg,R11,2/21/2022 2:25:47 PM,rjxau,DWG To PDF.pc3,ANSI full bleed D (22.00 x 34.00 Inches),1:3.76856,
C:\Users\rjxau\OneDrive - RJX AUTOMATION LLC\Projects\Simplot\2021_Caldwell_L5_Fry\Panels\New_Panels\CLD-EIC-L05-LAYOUT_20220221.dwg,R12,2/21/2022 2:26:10 PM,rjxau,DWG To PDF.pc3,ANSI full bleed D (22.00 x 34.00 Inches),1:3.76856,
C:\Users\rjxau\OneDrive - RJX AUTOMATION LLC\Projects\Simplot\2021_Caldwell_L5_Fry\Panels\New_Panels\CLD-EIC-L05-LAYOUT_20220221.dwg,A2,3/15/2022 10:00:33 AM,rjxau,DWG To PDF.pc3,ANSI full bleed D (22.00 x 34.00 Inches),1:3.7695,
C:\Users\rjxau\OneDrive - RJX AUTOMATION LLC\Projects\Simplot\2021_Caldwell_L5_Fry\Panels\New_Panels\CLD-EIC-L05-LAYOUT_20220221.dwg,A1,4/6/2022 8:53:39 AM,rjxau,_DWG To PDF.pc3,ANSI full bleed D (22.00 x 34.00 Inches),1:3.77551,
C:\Users\rjxau\OneDrive - RJX AUTOMATION LLC\Projects\Simplot\2021_Caldwell_L5_Fry\Panels\New_Panels\CLD-EIC-L05-LAYOUT_20220221.dwg,A2,4/6/2022 8:53:42 AM,rjxau,_DWG To PDF.pc3,ANSI full bleed D (22.00 x 34.00 Inches),1:3.7695,
C:\Users\rjxau\OneDrive - RJX AUTOMATION LLC\Projects\Simplot\2021_Caldwell_L5_Fry\Panels\New_Panels\CLD-EIC-L05-WIRING_20220330.dwg,11,4/6/2022 8:53:53 AM,rjxau,_DWG To PDF.pc3,ANSI full bleed D (22.00 x 34.00 Inches),1:3.7695,
C:\Users\rjxau\OneDrive - RJX AUTOMATION LLC\Projects\Simplot\2021_Caldwell_L5_Fry\Panels\New_Panels\CLD-EIC-L05-WIRING_20220330.dwg,12,4/6/2022 8:53:57 AM,rjxau,_DWG To PDF.pc3,ANSI full bleed D (22.00 x 34.00 Inches),1:3.7695,
C:\Users\rjxau\OneDrive - RJX AUTOMATION LLC\Projects\Simplot\2021_Caldwell_L5_Fry\Panels\New_Panels\CLD-EIC-L05-WIRING_20220330.dwg,15,4/6/2022 8:54:02 AM,rjxau,_DWG To PDF.pc3,ANSI full bleed D (22.00 x 34.00 Inches),1:3.7695,
C:\Users\rjxau\OneDrive - RJX AUTOMATION LLC\Projects\Simplot\2021_Caldwell_L5_Fry\Panels\New_Panels\CLD-EIC-L05-WIRING_20220330.dwg,21,4/6/2022 8:54:07 AM,rjxau,_DWG To PDF.pc3,ANSI full bleed D (22.00 x 34.00 Inches),1:3.7695,
C:\Users\rjxau\OneDrive - RJX AUTOMATION LLC\Projects\Simplot\2021_Caldwell_L5_Fry\Panels\New_Panels\CLD-EIC-L05-WIRING_20220330.dwg,22,4/6/2022 8:54:13 AM,rjxau,_DWG To PDF.pc3,ANSI full bleed D (22.00 x 34.00 Inches),1:3.7695,
C:\Users\rjxau\OneDrive - RJX AUTOMATION LLC\Projects\Simplot\2021_Caldwell_L5_Fry\Panels\New_Panels\CLD-EIC-L05-LAYOUT_20220221.dwg,A1,4/6/2022 9:01:44 AM,rjxau,_DWG To PDF.pc3,ANSI full bleed D (22.00 x 34.00 Inches),1:3.77551,
C:\Users\rjxau\OneDrive - RJX AUTOMATION LLC\Projects\Simplot\2021_Caldwell_L5_Fry\Panels\New_Panels\CLD-EIC-L05-LAYOUT_20220221.dwg,A2,4/6/2022 9:01:48 AM,rjxau,_DWG To PDF.pc3,ANSI full bleed D (22.00 x 34.00 Inches),1:3.7695,
C:\Users\rjxau\OneDrive - RJX AUTOMATION LLC\Projects\Simplot\2021_Caldwell_L5_Fry\Panels\New_Panels\CLD-EIC-L05-WIRING_20220330.dwg,11,4/6/2022 9:01:56 AM,rjxau,_DWG To PDF.pc3,ANSI full bleed D (22.00 x 34.00 Inches),1:3.7695,
C:\Users\rjxau\OneDrive - RJX AUTOMATION LLC\Projects\Simplot\2021_Caldwell_L5_Fry\Panels\New_Panels\CLD-EIC-L05-WIRING_20220330.dwg,12,4/6/2022 9:01:58 AM,rjxau,_DWG To PDF.pc3,ANSI full bleed D (22.00 x 34.00 Inches),1:3.7695,
C:\Users\rjxau\OneDrive - RJX AUTOMATION LLC\Projects\Simplot\2021_Caldwell_L5_Fry\Panels\New_Panels\CLD-EIC-L05-WIRING_20220330.dwg,15,4/6/2022 9:02:03 AM,rjxau,_DWG To PDF.pc3,ANSI full bleed D (22.00 x 34.00 Inches),1:3.7695,
C:\Users\rjxau\OneDrive - RJX AUTOMATION LLC\Projects\Simplot\2021_Caldwell_L5_Fry\Panels\New_Panels\CLD-EIC-L05-WIRING_20220330.dwg,21,4/6/2022 9:02:08 AM,rjxau,_DWG To PDF.pc3,ANSI full bleed D (22.00 x 34.00 Inches),1:3.7695,
C:\Users\rjxau\OneDrive - RJX AUTOMATION LLC\Projects\Simplot\2021_Caldwell_L5_Fry\Panels\New_Panels\CLD-EIC-L05-WIRING_20220330.dwg,22,4/6/2022 9:02:13 AM,rjxau,_DWG To PDF.pc3,ANSI full bleed D (22.00 x 34.00 Inches),1:3.7695,
C:\Users\rjxau\OneDrive - RJX AUTOMATION LLC\Projects\Simplot\2021_Caldwell_L5_Fry\Panels\New_Panels\CLD-EIC-C06F6-WIRING_20220603.dwg,R61,6/12/2022 10:18:29 PM,rjxau,_DWG To PDF.pc3,ARCH D (36.00 x 24.00 Inches),1:3.66505,
C:\Users\rjxau\OneDrive - RJX AUTOMATION LLC\Projects\Simplot\2021_Caldwell_L5_Fry\Panels\New_Panels\CLD-EIC-C06F6-WIRING_20220603.dwg,R62,6/12/2022 10:18:32 PM,rjxau,_DWG To PDF.pc3,ANSI full bleed D (22.00 x 34.00 Inches),1:3.7695,
C:\Users\rjxau\OneDrive - RJX AUTOMATION LLC\Projects\Simplot\2021_Caldwell_L5_Fry\Panels\New_Panels\CLD-EIC-C06F6-WIRING_20220603.dwg,R63,6/12/2022 10:18:37 PM,rjxau,_DWG To PDF.pc3,ANSI full bleed D (22.00 x 34.00 Inches),1:3.7695,
C:\Users\rjxau\OneDrive - RJX AUTOMATION LLC\Projects\Simplot\2021_Caldwell_L5_Fry\Panels\New_Panels\CLD-EIC-C06F6-WIRING_20220603.dwg,R64,6/12/2022 10:18:42 PM,rjxau,_DWG To PDF.pc3,ANSI full bleed D (22.00 x 34.00 Inches),1:3.7695,
C:\Users\rjxau\OneDrive - RJX AUTOMATION LLC\Projects\Simplot\2021_Caldwell_L5_Fry\Panels\New_Panels\CLD-EIC-C06F6-WIRING_20220603.dwg,R65,6/12/2022 10:18:47 PM,rjxau,_DWG To PDF.pc3,ANSI full bleed D (22.00 x 34.00 Inches),1:3.7695,
C:\Users\rjxau\OneDrive - RJX AUTOMATION LLC\Projects\Simplot\2021_Caldwell_L5_Fry\Panels\New_Panels\CLD-EIC-C06F6-WIRING_20220603.dwg,R66,6/12/2022 10:18:52 PM,rjxau,_DWG To PDF.pc3,ANSI full bleed D (22.00 x 34.00 Inches),1:3.7695,
C:\Users\rjxau\OneDrive - RJX AUTOMATION LLC\Projects\Simplot\2021_Caldwell_L5_Fry\Panels\New_Panels\CLD-EIC-C06F6-WIRING_20220603.dwg,R67-1,6/12/2022 10:18:58 PM,rjxau,_DWG To PDF.pc3,ANSI full bleed D (22.00 x 34.00 Inches),1:3.7695,
C:\Users\rjxau\OneDrive - RJX AUTOMATION LLC\Projects\Simplot\2021_Caldwell_L5_Fry\Panels\New_Panels\CLD-EIC-C06F6-WIRING_20220603.dwg,R67-2,6/12/2022 10:19:02 PM,rjxau,_DWG To PDF.pc3,ANSI full bleed D (22.00 x 34.00 Inches),1:3.7695,
C:\Users\rjxau\OneDrive - RJX AUTOMATION LLC\Projects\Simplot\2021_Caldwell_L5_Fry\Panels\New_Panels\CLD-EIC-C06F6-WIRING_20220603.dwg,R68,6/12/2022 10:19:07 PM,rjxau,_DWG To PDF.pc3,ANSI full bleed D (22.00 x 34.00 Inches),1:3.7695,
C:\Users\rjxau\OneDrive - RJX AUTOMATION LLC\Projects\Simplot\2021_Caldwell_L5_Fry\Panels\New_Panels\CLD-EIC-C06F1-WIRING_20220614.dwg,R61,6/15/2022 2:19:36 PM,rjxau,_DWG To PDF.pc3,ARCH D (36.00 x 24.00 Inches),1:3.66505,
C:\Users\rjxau\OneDrive - RJX AUTOMATION LLC\Projects\Simplot\2021_Caldwell_L5_Fry\Panels\New_Panels\CLD-EIC-C06F1-WIRING_20220614.dwg,R62,6/15/2022 2:19:40 PM,rjxau,_DWG To PDF.pc3,ANSI full bleed D (22.00 x 34.00 Inches),1:3.7695,
C:\Users\rjxau\OneDrive - RJX AUTOMATION LLC\Projects\Simplot\2021_Caldwell_L5_Fry\Panels\New_Panels\CLD-EIC-C06F1-WIRING_20220614.dwg,R63-1,6/15/2022 2:19:45 PM,rjxau,_DWG To PDF.pc3,ANSI full bleed D (22.00 x 34.00 Inches),1:3.7695,
C:\Users\rjxau\OneDrive - RJX AUTOMATION LLC\Projects\Simplot\2021_Caldwell_L5_Fry\Panels\New_Panels\CLD-EIC-C06F1-WIRING_20220614.dwg,R63-2,6/15/2022 2:19:50 PM,rjxau,_DWG To PDF.pc3,ANSI full bleed D (22.00 x 34.00 Inches),1:3.7695,
C:\Users\rjxau\OneDrive - RJX AUTOMATION LLC\Projects\Simplot\2021_Caldwell_L5_Fry\Panels\New_Panels\CLD-EIC-C06F1-WIRING_20220614.dwg,R64,6/15/2022 2:19:55 PM,rjxau,_DWG To PDF.pc3,ANSI full bleed D (22.00 x 34.00 Inches),1:3.7695,
C:\Users\rjxau\OneDrive - RJX AUTOMATION LLC\Projects\Simplot\2021_Caldwell_L5_Fry\Panels\New_Panels\CLD-EIC-C06F1-WIRING_20220614.dwg,R65,6/15/2022 2:20:00 PM,rjxau,_DWG To PDF.pc3,ANSI full bleed D (22.00 x 34.00 Inches),1:3.7695,
C:\Users\rjxau\OneDrive - RJX AUTOMATION LLC\Projects\Simplot\2021_Caldwell_L5_Fry\Panels\New_Panels\CLD-EIC-C06F2-WIRING_20220614.dwg,R61-1,6/15/2022 2:24:11 PM,rjxau,_DWG To PDF.pc3,ARCH D (36.00 x 24.00 Inches),1:3.66505,
C:\Users\rjxau\OneDrive - RJX AUTOMATION LLC\Projects\Simplot\2021_Caldwell_L5_Fry\Panels\New_Panels\CLD-EIC-C06F2-WIRING_20220614.dwg,R61-2,6/15/2022 2:24:14 PM,rjxau,_DWG To PDF.pc3,ARCH D (36.00 x 24.00 Inches),1:3.66505,
C:\Users\rjxau\OneDrive - RJX AUTOMATION LLC\Projects\Simplot\2021_Caldwell_L5_Fry\Panels\New_Panels\CLD-EIC-C06F2-WIRING_20220614.dwg,R62,6/15/2022 2:24:19 PM,rjxau,_DWG To PDF.pc3,ANSI full bleed D (22.00 x 34.00 Inches),1:3.7695,
C:\Users\rjxau\OneDrive - RJX AUTOMATION LLC\Projects\Simplot\2021_Caldwell_L5_Fry\Panels\New_Panels\CLD-EIC-C06F2-WIRING_20220614.dwg,R63,6/15/2022 2:24:24 PM,rjxau,_DWG To PDF.pc3,ANSI full bleed D (22.00 x 34.00 Inches),1:3.7695,
C:\Users\rjxau\OneDrive - RJX AUTOMATION LLC\Projects\Simplot\2021_Caldwell_L5_Fry\Panels\New_Panels\CLD-EIC-C06F2-WIRING_20220614.dwg,R66,6/15/2022 2:24:29 PM,rjxau,_DWG To PDF.pc3,ANSI full bleed D (22.00 x 34.00 Inches),1:3.7695,
C:\Users\rjxau\OneDrive - RJX AUTOMATION LLC\Projects\Simplot\2021_Caldwell_L5_Fry\Panels\New_Panels\CLD-EIC-C06F2-WIRING_20220614.dwg,R67,6/15/2022 2:24:34 PM,rjxau,_DWG To PDF.pc3,ANSI full bleed D (22.00 x 34.00 Inches),1:3.7695,
C:\Users\rjxau\OneDrive - RJX AUTOMATION LLC\Projects\Simplot\2021_Caldwell_L5_Fry\Panels\New_Panels\CLD-EIC-C06F2-WIRING_20220614.dwg,R73,6/15/2022 2:24:39 PM,rjxau,_DWG To PDF.pc3,ANSI full bleed D (22.00 x 34.00 Inches),1:3.7695,
C:\Users\rjxau\OneDrive - RJX AUTOMATION LLC\Projects\Simplot\2021_Caldwell_L5_Fry\Panels\New_Panels\CLD-EIC-C06F3-WIRING_20220614.dwg,R61-1,6/15/2022 2:27:50 PM,rjxau,_DWG To PDF.pc3,ARCH D (36.00 x 24.00 Inches),1:3.66505,
C:\Users\rjxau\OneDrive - RJX AUTOMATION LLC\Projects\Simplot\2021_Caldwell_L5_Fry\Panels\New_Panels\CLD-EIC-C06F3-WIRING_20220614.dwg,R61-2,6/15/2022 2:27:52 PM,rjxau,_DWG To PDF.pc3,ARCH D (36.00 x 24.00 Inches),1:3.66505,
C:\Users\rjxau\OneDrive - RJX AUTOMATION LLC\Projects\Simplot\2021_Caldwell_L5_Fry\Panels\New_Panels\CLD-EIC-C06F3-WIRING_20220614.dwg,R62,6/15/2022 2:27:58 PM,rjxau,_DWG To PDF.pc3,ANSI full bleed D (22.00 x 34.00 Inches),1:3.7695,
C:\Users\rjxau\OneDrive - RJX AUTOMATION LLC\Projects\Simplot\2021_Caldwell_L5_Fry\Panels\New_Panels\CLD-EIC-C06F3-WIRING_20220614.dwg,R63,6/15/2022 2:28:03 PM,rjxau,_DWG To PDF.pc3,ANSI full bleed D (22.00 x 34.00 Inches),1:3.7695,
C:\Users\rjxau\OneDrive - RJX AUTOMATION LLC\Projects\Simplot\2021_Caldwell_L5_Fry\Panels\New_Panels\CLD-EIC-C06F3-WIRING_20220614.dwg,R64,6/15/2022 2:28:08 PM,rjxau,_DWG To PDF.pc3,ANSI full bleed D (22.00 x 34.00 Inches),1:3.7695,
C:\Users\rjxau\OneDrive - RJX AUTOMATION LLC\Projects\Simplot\2021_Caldwell_L5_Fry\Panels\New_Panels\CLD-EIC-C06F3-WIRING_20220614.dwg,R65,6/15/2022 2:28:13 PM,rjxau,_DWG To PDF.pc3,ANSI full bleed D (22.00 x 34.00 Inches),1:3.7695,
C:\Users\rjxau\OneDrive - RJX AUTOMATION LLC\Projects\Simplot\2021_Caldwell_L5_Fry\Panels\New_Panels\CLD-EIC-C06F3-WIRING_20220614.dwg,R66,6/15/2022 2:28:18 PM,rjxau,_DWG To PDF.pc3,ANSI full bleed D (22.00 x 34.00 Inches),1:3.7695,
C:\Users\rjxau\OneDrive - RJX AUTOMATION LLC\Projects\Simplot\2021_Caldwell_L5_Fry\Panels\New_Panels\CLD-EIC-C06F4-WIRING_20220614.dwg,R61,6/15/2022 2:30:08 PM,rjxau,_DWG To PDF.pc3,ARCH D (36.00 x 24.00 Inches),1:3.66505,
C:\Users\rjxau\OneDrive - RJX AUTOMATION LLC\Projects\Simplot\2021_Caldwell_L5_Fry\Panels\New_Panels\CLD-EIC-C06F4-WIRING_20220614.dwg,R62,6/15/2022 2:30:12 PM,rjxau,_DWG To PDF.pc3,ANSI full bleed D (22.00 x 34.00 Inches),1:3.7695,
C:\Users\rjxau\OneDrive - RJX AUTOMATION LLC\Projects\Simplot\2021_Caldwell_L5_Fry\Panels\New_Panels\CLD-EIC-C06F4-WIRING_20220614.dwg,R63,6/15/2022 2:30:17 PM,rjxau,_DWG To PDF.pc3,ANSI full bleed D (22.00 x 34.00 Inches),1:3.7695,
C:\Users\rjxau\OneDrive - RJX AUTOMATION LLC\Projects\Simplot\2021_Caldwell_L5_Fry\Panels\New_Panels\CLD-EIC-C06F5-WIRING_20220610.dwg,R61,6/15/2022 2:31:32 PM,rjxau,_DWG To PDF.pc3,ARCH D (36.00 x 24.00 Inches),1:3.66505,
C:\Users\rjxau\OneDrive - RJX AUTOMATION LLC\Projects\Simplot\2021_Caldwell_L5_Fry\Panels\New_Panels\CLD-EIC-C06F5-WIRING_20220610.dwg,R62,6/15/2022 2:31:35 PM,rjxau,_DWG To PDF.pc3,ANSI full bleed D (22.00 x 34.00 Inches),1:3.7695,
C:\Users\rjxau\OneDrive - RJX AUTOMATION LLC\Projects\Simplot\2021_Caldwell_L5_Fry\Panels\New_Panels\CLD-EIC-C06F5-WIRING_20220610.dwg,R63,6/15/2022 2:31:40 PM,rjxau,_DWG To PDF.pc3,ANSI full bleed D (22.00 x 34.00 Inches),1:3.7695,
C:\Users\rjxau\OneDrive - RJX AUTOMATION LLC\Projects\Simplot\2021_Caldwell_L5_Fry\Panels\New_Panels\CLD-EIC-C06F5-WIRING_20220610.dwg,R65,6/15/2022 2:31:45 PM,rjxau,_DWG To PDF.pc3,ANSI full bleed D (22.00 x 34.00 Inches),1:3.7695,
C:\Users\rjxau\OneDrive - RJX AUTOMATION LLC\Projects\Simplot\2021_Caldwell_L5_Fry\Panels\New_Panels\CLD-EIC-C06F6-WIRING_20220603.dwg,R61,6/15/2022 2:33:11 PM,rjxau,_DWG To PDF.pc3,ARCH D (36.00 x 24.00 Inches),1:3.66505,
C:\Users\rjxau\OneDrive - RJX AUTOMATION LLC\Projects\Simplot\2021_Caldwell_L5_Fry\Panels\New_Panels\CLD-EIC-C06F6-WIRING_20220603.dwg,R62,6/15/2022 2:33:14 PM,rjxau,_DWG To PDF.pc3,ANSI full bleed D (22.00 x 34.00 Inches),1:3.7695,
C:\Users\rjxau\OneDrive - RJX AUTOMATION LLC\Projects\Simplot\2021_Caldwell_L5_Fry\Panels\New_Panels\CLD-EIC-C06F6-WIRING_20220603.dwg,R63,6/15/2022 2:33:19 PM,rjxau,_DWG To PDF.pc3,ANSI full bleed D (22.00 x 34.00 Inches),1:3.7695,
C:\Users\rjxau\OneDrive - RJX AUTOMATION LLC\Projects\Simplot\2021_Caldwell_L5_Fry\Panels\New_Panels\CLD-EIC-C06F6-WIRING_20220603.dwg,R64,6/15/2022 2:33:24 PM,rjxau,_DWG To PDF.pc3,ANSI full bleed D (22.00 x 34.00 Inches),1:3.7695,
C:\Users\rjxau\OneDrive - RJX AUTOMATION LLC\Projects\Simplot\2021_Caldwell_L5_Fry\Panels\New_Panels\CLD-EIC-C06F6-WIRING_20220603.dwg,R66,6/15/2022 2:33:30 PM,rjxau,_DWG To PDF.pc3,ANSI full bleed D (22.00 x 34.00 Inches),1:3.7695,
C:\Users\rjxau\OneDrive - RJX AUTOMATION LLC\Projects\Simplot\2021_Caldwell_L5_Fry\Panels\New_Panels\CLD-EIC-C06F6-WIRING_20220603.dwg,R67-1,6/15/2022 2:33:35 PM,rjxau,_DWG To PDF.pc3,ANSI full bleed D (22.00 x 34.00 Inches),1:3.7695,
C:\Users\rjxau\OneDrive - RJX AUTOMATION LLC\Projects\Simplot\2021_Caldwell_L5_Fry\Panels\New_Panels\CLD-EIC-C06F6-WIRING_20220603.dwg,R67-2,6/15/2022 2:33:40 PM,rjxau,_DWG To PDF.pc3,ANSI full bleed D (22.00 x 34.00 Inches),1:3.7695,
C:\Users\rjxau\OneDrive - RJX AUTOMATION LLC\Projects\Simplot\2021_Caldwell_L5_Fry\Panels\New_Panels\CLD-EIC-C06F6-WIRING_20220603.dwg,R68,6/15/2022 2:33:45 PM,rjxau,_DWG To PDF.pc3,ANSI full bleed D (22.00 x 34.00 Inches),1:3.7695,
C:\Users\rjxau\OneDrive - RJX AUTOMATION LLC\Projects\Simplot\2021_Caldwell_L5_Fry\Panels\New_Panels\CLD-EIC-C06F1-WIRING_20220614.dwg,R31,6/15/2022 2:45:39 PM,rjxau,_DWG To PDF.pc3,ANSI full bleed D (22.00 x 34.00 Inches),1:3.7695,
C:\Users\rjxau\OneDrive - RJX AUTOMATION LLC\Projects\Simplot\2021_Caldwell_L5_Fry\Panels\New_Panels\CLD-EIC-C06F1-WIRING_20220614.dwg,R32,6/15/2022 2:45:43 PM,rjxau,_DWG To PDF.pc3,ANSI full bleed D (22.00 x 34.00 Inches),1:3.7695,
C:\Users\rjxau\OneDrive - RJX AUTOMATION LLC\Projects\Simplot\2021_Caldwell_L5_Fry\Panels\New_Panels\CLD-EIC-C06F1-WIRING_20220614.dwg,R61,6/15/2022 2:45:48 PM,rjxau,_DWG To PDF.pc3,ARCH D (36.00 x 24.00 Inches),1:3.66505,
C:\Users\rjxau\OneDrive - RJX AUTOMATION LLC\Projects\Simplot\2021_Caldwell_L5_Fry\Panels\New_Panels\CLD-EIC-C06F1-WIRING_20220614.dwg,R62,6/15/2022 2:45:53 PM,rjxau,_DWG To PDF.pc3,ANSI full bleed D (22.00 x 34.00 Inches),1:3.7695,
C:\Users\rjxau\OneDrive - RJX AUTOMATION LLC\Projects\Simplot\2021_Caldwell_L5_Fry\Panels\New_Panels\CLD-EIC-C06F1-WIRING_20220614.dwg,R63-1,6/15/2022 2:45:58 PM,rjxau,_DWG To PDF.pc3,ANSI full bleed D (22.00 x 34.00 Inches),1:3.7695,
C:\Users\rjxau\OneDrive - RJX AUTOMATION LLC\Projects\Simplot\2021_Caldwell_L5_Fry\Panels\New_Panels\CLD-EIC-C06F1-WIRING_20220614.dwg,R63-2,6/15/2022 2:46:03 PM,rjxau,_DWG To PDF.pc3,ANSI full bleed D (22.00 x 34.00 Inches),1:3.7695,
C:\Users\rjxau\OneDrive - RJX AUTOMATION LLC\Projects\Simplot\2021_Caldwell_L5_Fry\Panels\New_Panels\CLD-EIC-C06F1-WIRING_20220614.dwg,R64,6/15/2022 2:46:08 PM,rjxau,_DWG To PDF.pc3,ANSI full bleed D (22.00 x 34.00 Inches),1:3.7695,
C:\Users\rjxau\OneDrive - RJX AUTOMATION LLC\Projects\Simplot\2021_Caldwell_L5_Fry\Panels\New_Panels\CLD-EIC-C06F1-WIRING_20220614.dwg,R65,6/15/2022 2:46:13 PM,rjxau,_DWG To PDF.pc3,ANSI full bleed D (22.00 x 34.00 Inches),1:3.7695,
C:\Users\rjxau\OneDrive - RJX AUTOMATION LLC\Projects\Simplot\2021_Caldwell_L5_Fry\Panels\New_Panels\CLD-EIC-C06F2-WIRING_20220614.dwg,R31,6/15/2022 2:47:30 PM,rjxau,_DWG To PDF.pc3,ANSI full bleed D (22.00 x 34.00 Inches),1:3.7695,
C:\Users\rjxau\OneDrive - RJX AUTOMATION LLC\Projects\Simplot\2021_Caldwell_L5_Fry\Panels\New_Panels\CLD-EIC-C06F2-WIRING_20220614.dwg,R32,6/15/2022 2:47:34 PM,rjxau,_DWG To PDF.pc3,ANSI full bleed D (22.00 x 34.00 Inches),1:3.7695,
C:\Users\rjxau\OneDrive - RJX AUTOMATION LLC\Projects\Simplot\2021_Caldwell_L5_Fry\Panels\New_Panels\CLD-EIC-C06F2-WIRING_20220614.dwg,R61-1,6/15/2022 2:47:39 PM,rjxau,_DWG To PDF.pc3,ARCH D (36.00 x 24.00 Inches),1:3.66505,
C:\Users\rjxau\OneDrive - RJX AUTOMATION LLC\Projects\Simplot\2021_Caldwell_L5_Fry\Panels\New_Panels\CLD-EIC-C06F2-WIRING_20220614.dwg,R61-2,6/15/2022 2:47:44 PM,rjxau,_DWG To PDF.pc3,ARCH D (36.00 x 24.00 Inches),1:3.66505,
C:\Users\rjxau\OneDrive - RJX AUTOMATION LLC\Projects\Simplot\2021_Caldwell_L5_Fry\Panels\New_Panels\CLD-EIC-C06F2-WIRING_20220614.dwg,R62,6/15/2022 2:47:49 PM,rjxau,_DWG To PDF.pc3,ANSI full bleed D (22.00 x 34.00 Inches),1:3.7695,
C:\Users\rjxau\OneDrive - RJX AUTOMATION LLC\Projects\Simplot\2021_Caldwell_L5_Fry\Panels\New_Panels\CLD-EIC-C06F2-WIRING_20220614.dwg,R63,6/15/2022 2:47:54 PM,rjxau,_DWG To PDF.pc3,ANSI full bleed D (22.00 x 34.00 Inches),1:3.7695,
C:\Users\rjxau\OneDrive - RJX AUTOMATION LLC\Projects\Simplot\2021_Caldwell_L5_Fry\Panels\New_Panels\CLD-EIC-C06F2-WIRING_20220614.dwg,R66,6/15/2022 2:47:59 PM,rjxau,_DWG To PDF.pc3,ANSI full bleed D (22.00 x 34.00 Inches),1:3.7695,
C:\Users\rjxau\OneDrive - RJX AUTOMATION LLC\Projects\Simplot\2021_Caldwell_L5_Fry\Panels\New_Panels\CLD-EIC-C06F2-WIRING_20220614.dwg,R67,6/15/2022 2:48:04 PM,rjxau,_DWG To PDF.pc3,ANSI full bleed D (22.00 x 34.00 Inches),1:3.7695,
C:\Users\rjxau\OneDrive - RJX AUTOMATION LLC\Projects\Simplot\2021_Caldwell_L5_Fry\Panels\New_Panels\CLD-EIC-C06F2-WIRING_20220614.dwg,R73,6/15/2022 2:48:09 PM,rjxau,_DWG To PDF.pc3,ANSI full bleed D (22.00 x 34.00 Inches),1:3.7695,
C:\Users\rjxau\OneDrive - RJX AUTOMATION LLC\Projects\Simplot\2021_Caldwell_L5_Fry\Panels\New_Panels\CLD-EIC-C06F3-WIRING_20220614.dwg,R31,6/15/2022 2:49:00 PM,rjxau,_DWG To PDF.pc3,ANSI full bleed D (22.00 x 34.00 Inches),1:3.7695,
C:\Users\rjxau\OneDrive - RJX AUTOMATION LLC\Projects\Simplot\2021_Caldwell_L5_Fry\Panels\New_Panels\CLD-EIC-C06F3-WIRING_20220614.dwg,R32,6/15/2022 2:49:04 PM,rjxau,_DWG To PDF.pc3,ANSI full bleed D (22.00 x 34.00 Inches),1:3.7695,
C:\Users\rjxau\OneDrive - RJX AUTOMATION LLC\Projects\Simplot\2021_Caldwell_L5_Fry\Panels\New_Panels\CLD-EIC-C06F3-WIRING_20220614.dwg,R61-1,6/15/2022 2:49:09 PM,rjxau,_DWG To PDF.pc3,ARCH D (36.00 x 24.00 Inches),1:3.66505,
C:\Users\rjxau\OneDrive - RJX AUTOMATION LLC\Projects\Simplot\2021_Caldwell_L5_Fry\Panels\New_Panels\CLD-EIC-C06F3-WIRING_20220614.dwg,R61-2,6/15/2022 2:49:14 PM,rjxau,_DWG To PDF.pc3,ARCH D (36.00 x 24.00 Inches),1:3.66505,
C:\Users\rjxau\OneDrive - RJX AUTOMATION LLC\Projects\Simplot\2021_Caldwell_L5_Fry\Panels\New_Panels\CLD-EIC-C06F3-WIRING_20220614.dwg,R62,6/15/2022 2:49:19 PM,rjxau,_DWG To PDF.pc3,ANSI full bleed D (22.00 x 34.00 Inches),1:3.7695,
C:\Users\rjxau\OneDrive - RJX AUTOMATION LLC\Projects\Simplot\2021_Caldwell_L5_Fry\Panels\New_Panels\CLD-EIC-C06F3-WIRING_20220614.dwg,R63,6/15/2022 2:49:24 PM,rjxau,_DWG To PDF.pc3,ANSI full bleed D (22.00 x 34.00 Inches),1:3.7695,
C:\Users\rjxau\OneDrive - RJX AUTOMATION LLC\Projects\Simplot\2021_Caldwell_L5_Fry\Panels\New_Panels\CLD-EIC-C06F3-WIRING_20220614.dwg,R64,6/15/2022 2:49:29 PM,rjxau,_DWG To PDF.pc3,ANSI full bleed D (22.00 x 34.00 Inches),1:3.7695,
C:\Users\rjxau\OneDrive - RJX AUTOMATION LLC\Projects\Simplot\2021_Caldwell_L5_Fry\Panels\New_Panels\CLD-EIC-C06F3-WIRING_20220614.dwg,R65,6/15/2022 2:49:34 PM,rjxau,_DWG To PDF.pc3,ANSI full bleed D (22.00 x 34.00 Inches),1:3.7695,
C:\Users\rjxau\OneDrive - RJX AUTOMATION LLC\Projects\Simplot\2021_Caldwell_L5_Fry\Panels\New_Panels\CLD-EIC-C06F3-WIRING_20220614.dwg,R66,6/15/2022 2:49:39 PM,rjxau,_DWG To PDF.pc3,ANSI full bleed D (22.00 x 34.00 Inches),1:3.7695,
C:\Users\rjxau\OneDrive - RJX AUTOMATION LLC\Projects\Simplot\2021_Caldwell_L5_Fry\Panels\New_Panels\CLD-EIC-C06F4-WIRING_20220614.dwg,R31,6/15/2022 2:50:48 PM,rjxau,_DWG To PDF.pc3,ANSI full bleed D (22.00 x 34.00 Inches),1:3.7695,
C:\Users\rjxau\OneDrive - RJX AUTOMATION LLC\Projects\Simplot\2021_Caldwell_L5_Fry\Panels\New_Panels\CLD-EIC-C06F4-WIRING_20220614.dwg,R32,6/15/2022 2:50:51 PM,rjxau,_DWG To PDF.pc3,ANSI full bleed D (22.00 x 34.00 Inches),1:3.7695,
C:\Users\rjxau\OneDrive - RJX AUTOMATION LLC\Projects\Simplot\2021_Caldwell_L5_Fry\Panels\New_Panels\CLD-EIC-C06F4-WIRING_20220614.dwg,R61,6/15/2022 2:50:56 PM,rjxau,_DWG To PDF.pc3,ARCH D (36.00 x 24.00 Inches),1:3.66505,
C:\Users\rjxau\OneDrive - RJX AUTOMATION LLC\Projects\Simplot\2021_Caldwell_L5_Fry\Panels\New_Panels\CLD-EIC-C06F4-WIRING_20220614.dwg,R62,6/15/2022 2:51:01 PM,rjxau,_DWG To PDF.pc3,ANSI full bleed D (22.00 x 34.00 Inches),1:3.7695,
C:\Users\rjxau\OneDrive - RJX AUTOMATION LLC\Projects\Simplot\2021_Caldwell_L5_Fry\Panels\New_Panels\CLD-EIC-C06F4-WIRING_20220614.dwg,R63,6/15/2022 2:51:06 PM,rjxau,_DWG To PDF.pc3,ANSI full bleed D (22.00 x 34.00 Inches),1:3.7695,
C:\Users\rjxau\OneDrive - RJX AUTOMATION LLC\Projects\Simplot\2021_Caldwell_L5_Fry\Panels\New_Panels\CLD-EIC-C06F5-WIRING_20220614.dwg,R31,6/15/2022 2:52:25 PM,rjxau,_DWG To PDF.pc3,ANSI full bleed D (22.00 x 34.00 Inches),1:3.7695,
C:\Users\rjxau\OneDrive - RJX AUTOMATION LLC\Projects\Simplot\2021_Caldwell_L5_Fry\Panels\New_Panels\CLD-EIC-C06F5-WIRING_20220614.dwg,R32,6/15/2022 2:52:28 PM,rjxau,_DWG To PDF.pc3,ANSI full bleed D (22.00 x 34.00 Inches),1:3.7695,
C:\Users\rjxau\OneDrive - RJX AUTOMATION LLC\Projects\Simplot\2021_Caldwell_L5_Fry\Panels\New_Panels\CLD-EIC-C06F5-WIRING_20220614.dwg,R61,6/15/2022 2:52:33 PM,rjxau,_DWG To PDF.pc3,ARCH D (36.00 x 24.00 Inches),1:3.66505,
C:\Users\rjxau\OneDrive - RJX AUTOMATION LLC\Projects\Simplot\2021_Caldwell_L5_Fry\Panels\New_Panels\CLD-EIC-C06F5-WIRING_20220614.dwg,R62,6/15/2022 2:52:38 PM,rjxau,_DWG To PDF.pc3,ANSI full bleed D (22.00 x 34.00 Inches),1:3.7695,
C:\Users\rjxau\OneDrive - RJX AUTOMATION LLC\Projects\Simplot\2021_Caldwell_L5_Fry\Panels\New_Panels\CLD-EIC-C06F5-WIRING_20220614.dwg,R63,6/15/2022 2:52:43 PM,rjxau,_DWG To PDF.pc3,ANSI full bleed D (22.00 x 34.00 Inches),1:3.7695,
C:\Users\rjxau\OneDrive - RJX AUTOMATION LLC\Projects\Simplot\2021_Caldwell_L5_Fry\Panels\New_Panels\CLD-EIC-C06F5-WIRING_20220614.dwg,R65,6/15/2022 2:52:48 PM,rjxau,_DWG To PDF.pc3,ANSI full bleed D (22.00 x 34.00 Inches),1:3.7695,
C:\Users\rjxau\OneDrive - RJX AUTOMATION LLC\Projects\Simplot\2021_Caldwell_L5_Fry\Panels\New_Panels\CLD-EIC-C06F6-WIRING_20220614.dwg,R31,6/15/2022 2:53:43 PM,rjxau,_DWG To PDF.pc3,ANSI full bleed D (22.00 x 34.00 Inches),1:3.7695,
C:\Users\rjxau\OneDrive - RJX AUTOMATION LLC\Projects\Simplot\2021_Caldwell_L5_Fry\Panels\New_Panels\CLD-EIC-C06F6-WIRING_20220614.dwg,R32,6/15/2022 2:53:46 PM,rjxau,_DWG To PDF.pc3,ANSI full bleed D (22.00 x 34.00 Inches),1:3.7695,
C:\Users\rjxau\OneDrive - RJX AUTOMATION LLC\Projects\Simplot\2021_Caldwell_L5_Fry\Panels\New_Panels\CLD-EIC-C06F6-WIRING_20220614.dwg,R61,6/15/2022 2:53:51 PM,rjxau,_DWG To PDF.pc3,ARCH D (36.00 x 24.00 Inches),1:3.66505,
C:\Users\rjxau\OneDrive - RJX AUTOMATION LLC\Projects\Simplot\2021_Caldwell_L5_Fry\Panels\New_Panels\CLD-EIC-C06F6-WIRING_20220614.dwg,R62,6/15/2022 2:53:56 PM,rjxau,_DWG To PDF.pc3,ANSI full bleed D (22.00 x 34.00 Inches),1:3.7695,
C:\Users\rjxau\OneDrive - RJX AUTOMATION LLC\Projects\Simplot\2021_Caldwell_L5_Fry\Panels\New_Panels\CLD-EIC-C06F6-WIRING_20220614.dwg,R63,6/15/2022 2:54:01 PM,rjxau,_DWG To PDF.pc3,ANSI full bleed D (22.00 x 34.00 Inches),1:3.7695,
C:\Users\rjxau\OneDrive - RJX AUTOMATION LLC\Projects\Simplot\2021_Caldwell_L5_Fry\Panels\New_Panels\CLD-EIC-C06F6-WIRING_20220614.dwg,R64,6/15/2022 2:54:06 PM,rjxau,_DWG To PDF.pc3,ANSI full bleed D (22.00 x 34.00 Inches),1:3.7695,
C:\Users\rjxau\OneDrive - RJX AUTOMATION LLC\Projects\Simplot\2021_Caldwell_L5_Fry\Panels\New_Panels\CLD-EIC-C06F6-WIRING_20220614.dwg,R66,6/15/2022 2:54:11 PM,rjxau,_DWG To PDF.pc3,ANSI full bleed D (22.00 x 34.00 Inches),1:3.7695,
C:\Users\rjxau\OneDrive - RJX AUTOMATION LLC\Projects\Simplot\2021_Caldwell_L5_Fry\Panels\New_Panels\CLD-EIC-C06F6-WIRING_20220614.dwg,R67-1,6/15/2022 2:54:16 PM,rjxau,_DWG To PDF.pc3,ANSI full bleed D (22.00 x 34.00 Inches),1:3.7695,
C:\Users\rjxau\OneDrive - RJX AUTOMATION LLC\Projects\Simplot\2021_Caldwell_L5_Fry\Panels\New_Panels\CLD-EIC-C06F6-WIRING_20220614.dwg,R67-2,6/15/2022 2:54:21 PM,rjxau,_DWG To PDF.pc3,ANSI full bleed D (22.00 x 34.00 Inches),1:3.7695,
C:\Users\rjxau\OneDrive - RJX AUTOMATION LLC\Projects\Simplot\2021_Caldwell_L5_Fry\Panels\New_Panels\CLD-EIC-C06F6-WIRING_20220614.dwg,R68,6/15/2022 2:54:26 PM,rjxau,_DWG To PDF.pc3,ANSI full bleed D (22.00 x 34.00 Inches),1:3.7695,
C:\Users\rjxau\OneDrive - RJX AUTOMATION LLC\Projects\Simplot\2021_Caldwell_L5_Fry\Panels\New_Panels\CLD-EIC-L05-JBs_20220620.dwg,R1,6/20/2022 3:30:44 PM,rjxau,_DWG To PDF.pc3,ARCH full bleed D (36.00 x 24.00 Inches),1:3.50392,
C:\Users\rjxau\OneDrive - RJX AUTOMATION LLC\Projects\Simplot\2021_Caldwell_L5_Fry\Panels\New_Panels\CLD-EIC-L05-JBs_20220620.dwg,R2,6/20/2022 3:30:48 PM,rjxau,_DWG To PDF.pc3,ANSI full bleed D (22.00 x 34.00 Inches),1:3.7752,
C:\Users\rjxau\OneDrive - RJX AUTOMATION LLC\Projects\Simplot\2021_Caldwell_L5_Fry\Panels\New_Panels\CLD-EIC-L05-JBs_20220620.dwg,R3,6/20/2022 3:30:53 PM,rjxau,_DWG To PDF.pc3,ANSI full bleed D (22.00 x 34.00 Inches),1:3.7752,
C:\Users\rjxau\OneDrive - RJX AUTOMATION LLC\Projects\Simplot\2021_Caldwell_L5_Fry\Panels\New_Panels\CLD-EIC-L05-JBs_20220620.dwg,R4,6/20/2022 3:30:59 PM,rjxau,_DWG To PDF.pc3,ANSI full bleed D (22.00 x 34.00 Inches),1:3.7752,
C:\Users\rjxau\OneDrive - RJX AUTOMATION LLC\Projects\Simplot\2021_Caldwell_L5_Fry\Panels\New_Panels\CLD-EIC-L05-JBs_20220620.dwg,R5,6/20/2022 3:31:04 PM,rjxau,_DWG To PDF.pc3,ANSI full bleed D (22.00 x 34.00 Inches),1:3.7752,
C:\Users\rjxau\OneDrive - RJX AUTOMATION LLC\Projects\Simplot\2021_Caldwell_L5_Fry\Panels\New_Panels\CLD-EIC-L05-JBs_20220620.dwg,R6,6/20/2022 3:31:09 PM,rjxau,_DWG To PDF.pc3,ANSI full bleed D (22.00 x 34.00 Inches),1:3.7752,
C:\Users\rjxau\OneDrive - RJX AUTOMATION LLC\Projects\Simplot\2021_Caldwell_L5_Fry\Panels\New_Panels\CLD-EIC-L05-JBs_20220620.dwg,R1,6/20/2022 3:35:00 PM,rjxau,_DWG To PDF.pc3,ANSI full bleed D (34.00 x 22.00 Inches),1:3.77556,
C:\Users\rjxau\OneDrive - RJX AUTOMATION LLC\Projects\Simplot\2021_Caldwell_L5_Fry\Panels\New_Panels\CLD-EIC-L05-JBs_20220620.dwg,R2,6/20/2022 3:35:03 PM,rjxau,_DWG To PDF.pc3,ANSI full bleed D (34.00 x 22.00 Inches),1:3.77543,
C:\Users\rjxau\OneDrive - RJX AUTOMATION LLC\Projects\Simplot\2021_Caldwell_L5_Fry\Panels\New_Panels\CLD-EIC-L05-JBs_20220620.dwg,R3,6/20/2022 3:35:08 PM,rjxau,_DWG To PDF.pc3,ANSI full bleed D (34.00 x 22.00 Inches),1:3.77543,
C:\Users\rjxau\OneDrive - RJX AUTOMATION LLC\Projects\Simplot\2021_Caldwell_L5_Fry\Panels\New_Panels\CLD-EIC-L05-JBs_20220620.dwg,R4,6/20/2022 3:35:13 PM,rjxau,_DWG To PDF.pc3,ANSI full bleed D (34.00 x 22.00 Inches),1:3.77543,
C:\Users\rjxau\OneDrive - RJX AUTOMATION LLC\Projects\Simplot\2021_Caldwell_L5_Fry\Panels\New_Panels\CLD-EIC-L05-JBs_20220620.dwg,R5,6/20/2022 3:35:18 PM,rjxau,_DWG To PDF.pc3,ANSI full bleed D (34.00 x 22.00 Inches),1:3.77543,
C:\Users\rjxau\OneDrive - RJX AUTOMATION LLC\Projects\Simplot\2021_Caldwell_L5_Fry\Panels\New_Panels\CLD-EIC-L05-JBs_20220620.dwg,R6,6/20/2022 3:35:23 PM,rjxau,_DWG To PDF.pc3,ANSI full bleed D (34.00 x 22.00 Inches),1:3.77543,
C:\Users\rjxau\OneDrive - RJX AUTOMATION LLC\Projects\Simplot\2021_Caldwell_L5_Fry\Panels\New_Panels\CLD-EIC-C06F2-WIRING_20220614.dwg,R31,6/21/2022 11:00:11 AM,rjxau,_DWG To PDF.pc3,ANSI full bleed D (22.00 x 34.00 Inches),1:3.7695,
C:\Users\rjxau\OneDrive - RJX AUTOMATION LLC\Projects\Simplot\2021_Caldwell_L5_Fry\Panels\New_Panels\CLD-EIC-C06F2-WIRING_20220614.dwg,R32,6/21/2022 11:00:15 AM,rjxau,_DWG To PDF.pc3,ANSI full bleed D (22.00 x 34.00 Inches),1:3.7695,
C:\Users\rjxau\OneDrive - RJX AUTOMATION LLC\Projects\Simplot\2021_Caldwell_L5_Fry\Panels\New_Panels\CLD-EIC-C06F2-WIRING_20220614.dwg,R61-1,6/21/2022 11:00:20 AM,rjxau,_DWG To PDF.pc3,ARCH D (36.00 x 24.00 Inches),1:3.66505,
C:\Users\rjxau\OneDrive - RJX AUTOMATION LLC\Projects\Simplot\2021_Caldwell_L5_Fry\Panels\New_Panels\CLD-EIC-C06F2-WIRING_20220614.dwg,R61-2,6/21/2022 11:00:25 AM,rjxau,_DWG To PDF.pc3,ARCH D (36.00 x 24.00 Inches),1:3.66505,
C:\Users\rjxau\OneDrive - RJX AUTOMATION LLC\Projects\Simplot\2021_Caldwell_L5_Fry\Panels\New_Panels\CLD-EIC-C06F2-WIRING_20220614.dwg,R62,6/21/2022 11:00:30 AM,rjxau,_DWG To PDF.pc3,ANSI full bleed D (22.00 x 34.00 Inches),1:3.7695,
C:\Users\rjxau\OneDrive - RJX AUTOMATION LLC\Projects\Simplot\2021_Caldwell_L5_Fry\Panels\New_Panels\CLD-EIC-C06F2-WIRING_20220614.dwg,R63,6/21/2022 11:00:35 AM,rjxau,_DWG To PDF.pc3,ANSI full bleed D (22.00 x 34.00 Inches),1:3.7695,
C:\Users\rjxau\OneDrive - RJX AUTOMATION LLC\Projects\Simplot\2021_Caldwell_L5_Fry\Panels\New_Panels\CLD-EIC-C06F2-WIRING_20220614.dwg,R64,6/21/2022 11:00:41 AM,rjxau,_DWG To PDF.pc3,ANSI full bleed D (22.00 x 34.00 Inches),1:3.7695,
C:\Users\rjxau\OneDrive - RJX AUTOMATION LLC\Projects\Simplot\2021_Caldwell_L5_Fry\Panels\New_Panels\CLD-EIC-C06F2-WIRING_20220614.dwg,R65,6/21/2022 11:00:45 AM,rjxau,_DWG To PDF.pc3,ANSI full bleed D (22.00 x 34.00 Inches),1:3.7695,
C:\Users\rjxau\OneDrive - RJX AUTOMATION LLC\Projects\Simplot\2021_Caldwell_L5_Fry\Panels\New_Panels\CLD-EIC-C06F2-WIRING_20220614.dwg,R66,6/21/2022 11:00:51 AM,rjxau,_DWG To PDF.pc3,ANSI full bleed D (22.00 x 34.00 Inches),1:3.7695,
C:\Users\rjxau\OneDrive - RJX AUTOMATION LLC\Projects\Simplot\2021_Caldwell_L5_Fry\Panels\New_Panels\CLD-EIC-C06F2-WIRING_20220614.dwg,R67,6/21/2022 11:00:55 AM,rjxau,_DWG To PDF.pc3,ANSI full bleed D (22.00 x 34.00 Inches),1:3.7695,
C:\Users\rjxau\OneDrive - RJX AUTOMATION LLC\Projects\Simplot\2021_Caldwell_L5_Fry\Panels\New_Panels\CLD-EIC-C06F2-WIRING_20220614.dwg,R73,6/21/2022 11:01:00 AM,rjxau,_DWG To PDF.pc3,ANSI full bleed D (22.00 x 34.00 Inches),1:3.7695,
C:\Users\rjxau\OneDrive - RJX AUTOMATION LLC\Projects\Simplot\2021_Caldwell_L5_Fry\Panels\New_Panels\CLD-EIC-C06F2-WIRING_20220614.dwg,R31,6/21/2022 11:08:11 AM,rjxau,_DWG To PDF.pc3,ANSI full bleed D (22.00 x 34.00 Inches),1:3.7695,
C:\Users\rjxau\OneDrive - RJX AUTOMATION LLC\Projects\Simplot\2021_Caldwell_L5_Fry\Panels\New_Panels\CLD-EIC-C06F2-WIRING_20220614.dwg,R32,6/21/2022 11:08:15 AM,rjxau,_DWG To PDF.pc3,ANSI full bleed D (22.00 x 34.00 Inches),1:3.7695,
C:\Users\rjxau\OneDrive - RJX AUTOMATION LLC\Projects\Simplot\2021_Caldwell_L5_Fry\Panels\New_Panels\CLD-EIC-C06F2-WIRING_20220614.dwg,R61-1,6/21/2022 11:08:20 AM,rjxau,_DWG To PDF.pc3,ARCH D (36.00 x 24.00 Inches),1:3.66505,
C:\Users\rjxau\OneDrive - RJX AUTOMATION LLC\Projects\Simplot\2021_Caldwell_L5_Fry\Panels\New_Panels\CLD-EIC-C06F2-WIRING_20220614.dwg,R61-2,6/21/2022 11:08:25 AM,rjxau,_DWG To PDF.pc3,ARCH D (36.00 x 24.00 Inches),1:3.66505,
C:\Users\rjxau\OneDrive - RJX AUTOMATION LLC\Projects\Simplot\2021_Caldwell_L5_Fry\Panels\New_Panels\CLD-EIC-C06F2-WIRING_20220614.dwg,R62,6/21/2022 11:08:30 AM,rjxau,_DWG To PDF.pc3,ANSI full bleed D (22.00 x 34.00 Inches),1:3.7695,
C:\Users\rjxau\OneDrive - RJX AUTOMATION LLC\Projects\Simplot\2021_Caldwell_L5_Fry\Panels\New_Panels\CLD-EIC-C06F2-WIRING_20220614.dwg,R63,6/21/2022 11:08:35 AM,rjxau,_DWG To PDF.pc3,ANSI full bleed D (22.00 x 34.00 Inches),1:3.7695,
C:\Users\rjxau\OneDrive - RJX AUTOMATION LLC\Projects\Simplot\2021_Caldwell_L5_Fry\Panels\New_Panels\CLD-EIC-C06F2-WIRING_20220614.dwg,R66,6/21/2022 11:08:40 AM,rjxau,_DWG To PDF.pc3,ANSI full bleed D (22.00 x 34.00 Inches),1:3.7695,
C:\Users\rjxau\OneDrive - RJX AUTOMATION LLC\Projects\Simplot\2021_Caldwell_L5_Fry\Panels\New_Panels\CLD-EIC-C06F2-WIRING_20220614.dwg,R67,6/21/2022 11:08:45 AM,rjxau,_DWG To PDF.pc3,ANSI full bleed D (22.00 x 34.00 Inches),1:3.7695,
C:\Users\rjxau\OneDrive - RJX AUTOMATION LLC\Projects\Simplot\2021_Caldwell_L5_Fry\Panels\New_Panels\CLD-EIC-C06F2-WIRING_20220614.dwg,R74,6/21/2022 11:08:50 AM,rjxau,_DWG To PDF.pc3,ANSI full bleed D (22.00 x 34.00 Inches),1:3.7695,
C:\Users\rgrov\RJX AUTOMATION LLC\Raul Barrios - Simplot\2021_Caldwell_L5_Fry\Panels\New_Panels\CLD-EIC-C06F6-WIRING_20220614.dwg,R000,8/10/2022 11:20:44 AM,rgroves,DWG To PDF.pc3,ANSI full bleed D (22.00 x 34.00 Inches),1:3.7695,
C:\Users\rgrov\RJX AUTOMATION LLC\Raul Barrios - Simplot\2021_Caldwell_L5_Fry\Panels\New_Panels\CLD-EIC-C06F6-WIRING_20220614.dwg,R31,8/10/2022 11:20:53 AM,rgroves,DWG To PDF.pc3,ANSI full bleed D (22.00 x 34.00 Inches),1:3.7695,
C:\Users\rgrov\RJX AUTOMATION LLC\Raul Barrios - Simplot\2021_Caldwell_L5_Fry\Panels\New_Panels\CLD-EIC-C06F6-WIRING_20220614.dwg,R32,8/10/2022 11:21:03 AM,rgroves,DWG To PDF.pc3,ANSI full bleed D (22.00 x 34.00 Inches),1:3.7695,
C:\Users\rgrov\RJX AUTOMATION LLC\Raul Barrios - Simplot\2021_Caldwell_L5_Fry\Panels\New_Panels\CLD-EIC-C06F6-WIRING_20220614.dwg,R51,8/10/2022 11:21:13 AM,rgroves,DWG To PDF.pc3,ANSI full bleed D (22.00 x 34.00 Inches),1:3.7695,
C:\Users\rgrov\RJX AUTOMATION LLC\Raul Barrios - Simplot\2021_Caldwell_L5_Fry\Panels\New_Panels\CLD-EIC-C06F6-WIRING_20220614.dwg,R52,8/10/2022 11:21:23 AM,rgroves,DWG To PDF.pc3,ANSI full bleed D (22.00 x 34.00 Inches),1:3.7695,
C:\Users\rgrov\RJX AUTOMATION LLC\Raul Barrios - Simplot\2021_Caldwell_L5_Fry\Panels\New_Panels\CLD-EIC-C06F6-WIRING_20220614.dwg,R53,8/10/2022 11:21:33 AM,rgroves,DWG To PDF.pc3,ANSI full bleed D (22.00 x 34.00 Inches),1:3.7695,
C:\Users\rgrov\RJX AUTOMATION LLC\Raul Barrios - Simplot\2021_Caldwell_L5_Fry\Panels\New_Panels\CLD-EIC-C06F6-WIRING_20220614.dwg,R54,8/10/2022 11:21:43 AM,rgroves,DWG To PDF.pc3,ANSI full bleed D (22.00 x 34.00 Inches),1:3.7695,
C:\Users\rgrov\RJX AUTOMATION LLC\Raul Barrios - Simplot\2021_Caldwell_L5_Fry\Panels\New_Panels\CLD-EIC-C06F6-WIRING_20220614.dwg,R55,8/10/2022 11:21:53 AM,rgroves,DWG To PDF.pc3,ANSI full bleed D (22.00 x 34.00 Inches),1:3.7695,
C:\Users\rgrov\RJX AUTOMATION LLC\Raul Barrios - Simplot\2021_Caldwell_L5_Fry\Panels\New_Panels\CLD-EIC-C06F6-WIRING_20220614.dwg,R56,8/10/2022 11:22:03 AM,rgroves,DWG To PDF.pc3,ANSI full bleed D (22.00 x 34.00 Inches),1:3.7695,
C:\Users\rgrov\RJX AUTOMATION LLC\Raul Barrios - Simplot\2021_Caldwell_L5_Fry\Panels\New_Panels\CLD-EIC-C06F6-WIRING_20220614.dwg,R57,8/10/2022 11:22:13 AM,rgroves,DWG To PDF.pc3,ANSI full bleed D (22.00 x 34.00 Inches),1:3.7695,
C:\Users\rgrov\RJX AUTOMATION LLC\Raul Barrios - Simplot\2021_Caldwell_L5_Fry\Panels\New_Panels\CLD-EIC-C06F6-WIRING_20220614.dwg,R58,8/10/2022 11:22:23 AM,rgroves,DWG To PDF.pc3,ANSI full bleed D (22.00 x 34.00 Inches),1:3.7695,
C:\Users\rgrov\RJX AUTOMATION LLC\Raul Barrios - Simplot\2021_Caldwell_L5_Fry\Panels\New_Panels\CLD-EIC-C06F6-WIRING_20220614.dwg,R61,8/10/2022 11:22:33 AM,rgroves,DWG To PDF.pc3,ARCH D (36.00 x 24.00 Inches),1:3.66505,
C:\Users\rgrov\RJX AUTOMATION LLC\Raul Barrios - Simplot\2021_Caldwell_L5_Fry\Panels\New_Panels\CLD-EIC-C06F6-WIRING_20220614.dwg,R62,8/10/2022 11:22:43 AM,rgroves,DWG To PDF.pc3,ANSI full bleed D (22.00 x 34.00 Inches),1:3.7695,
C:\Users\rgrov\RJX AUTOMATION LLC\Raul Barrios - Simplot\2021_Caldwell_L5_Fry\Panels\New_Panels\CLD-EIC-C06F6-WIRING_20220614.dwg,R63,8/10/2022 11:22:53 AM,rgroves,DWG To PDF.pc3,ANSI full bleed D (22.00 x 34.00 Inches),1:3.7695,
C:\Users\rgrov\RJX AUTOMATION LLC\Raul Barrios - Simplot\2021_Caldwell_L5_Fry\Panels\New_Panels\CLD-EIC-C06F6-WIRING_20220614.dwg,R64,8/10/2022 11:23:03 AM,rgroves,DWG To PDF.pc3,ANSI full bleed D (22.00 x 34.00 Inches),1:3.7695,
C:\Users\rgrov\RJX AUTOMATION LLC\Raul Barrios - Simplot\2021_Caldwell_L5_Fry\Panels\New_Panels\CLD-EIC-C06F6-WIRING_20220614.dwg,R65,8/10/2022 11:23:13 AM,rgroves,DWG To PDF.pc3,ANSI full bleed D (22.00 x 34.00 Inches),1:3.7695,
C:\Users\rgrov\RJX AUTOMATION LLC\Raul Barrios - Simplot\2021_Caldwell_L5_Fry\Panels\New_Panels\CLD-EIC-C06F6-WIRING_20220614.dwg,R66,8/10/2022 11:23:23 AM,rgroves,DWG To PDF.pc3,ANSI full bleed D (22.00 x 34.00 Inches),1:3.7695,
C:\Users\rgrov\RJX AUTOMATION LLC\Raul Barrios - Simplot\2021_Caldwell_L5_Fry\Panels\New_Panels\CLD-EIC-C06F6-WIRING_20220614.dwg,R67-1,8/10/2022 11:23:33 AM,rgroves,DWG To PDF.pc3,ANSI full bleed D (22.00 x 34.00 Inches),1:3.7695,
C:\Users\rgrov\RJX AUTOMATION LLC\Raul Barrios - Simplot\2021_Caldwell_L5_Fry\Panels\New_Panels\CLD-EIC-C06F6-WIRING_20220614.dwg,R67-2,8/10/2022 11:23:43 AM,rgroves,DWG To PDF.pc3,ANSI full bleed D (22.00 x 34.00 Inches),1:3.7695,
C:\Users\rgrov\RJX AUTOMATION LLC\Raul Barrios - Simplot\2021_Caldwell_L5_Fry\Panels\New_Panels\CLD-EIC-C06F6-WIRING_20220614.dwg,R68,8/10/2022 11:23:53 AM,rgroves,DWG To PDF.pc3,ANSI full bleed D (22.00 x 34.00 Inches),1:3.7695,
C:\Users\rjxau\OneDrive - RJX AUTOMATION LLC\Projects\Simplot\2021_Caldwell_L5_Fry\Panels\New_Panels\CLD_L05_PROCESS_20220527.dwg,38,8/26/2022 9:00:37 AM,rjxau,_DWG To PDF.pc3,ARCH D (36.00 x 24.00 Inches),1:0.295477,
C:\Users\rjxau\OneDrive - RJX AUTOMATION LLC\Projects\Simplot\2021_Caldwell_L5_Fry\Panels\New_Panels\CLD_L05_PROCESS_20220527.dwg,39,8/26/2022 9:00:40 AM,rjxau,_DWG To PDF.pc3,ARCH D (36.00 x 24.00 Inches),1:0.295477,
C:\Users\rjxau\OneDrive - RJX AUTOMATION LLC\Projects\Simplot\2021_Caldwell_L5_Fry\Panels\New_Panels\CLD-EIC-C10F3-WIRING_20220804.dwg,PWTR3_51,9/1/2022 3:55:24 PM,rjxau,_DWG To PDF.pc3,ANSI full bleed D (22.00 x 34.00 Inches),1:3.7695,
C:\Users\rjxau\OneDrive - RJX AUTOMATION LLC\Projects\Simplot\2021_Caldwell_L5_Fry\Panels\New_Panels\CLD-EIC-C10F3-WIRING_20220804.dwg,PWTR3_51 (2),9/1/2022 3:55:27 PM,rjxau,_DWG To PDF.pc3,ANSI full bleed D (22.00 x 34.00 Inches),1:3.7695,
C:\Users\rjxau\OneDrive - RJX AUTOMATION LLC\Projects\Simplot\2021_Caldwell_L5_Fry\Panels\New_Panels\CLD-EIC-C10F3-WIRING_20220804.dwg,PWTR3_51 (3),9/1/2022 3:55:32 PM,rjxau,_DWG To PDF.pc3,ANSI full bleed D (22.00 x 34.00 Inches),1:3.7695,
C:\Users\rjxau\OneDrive - RJX AUTOMATION LLC\Projects\Simplot\2021_Caldwell_L5_Fry\Panels\New_Panels\CLD-EIC-C10F4-WIRING_20220804.dwg,PWTR4_51,9/1/2022 3:57:29 PM,rjxau,_DWG To PDF.pc3,ANSI full bleed D (22.00 x 34.00 Inches),1:3.7695,
C:\Users\rjxau\OneDrive - RJX AUTOMATION LLC\Projects\Simplot\2021_Caldwell_L5_Fry\Panels\New_Panels\CLD-EIC-C10F4-WIRING_20220804.dwg,PWTR4_51 (2),9/1/2022 3:57:33 PM,rjxau,_DWG To PDF.pc3,ANSI full bleed D (22.00 x 34.00 Inches),1:3.7695,
C:\Users\rjxau\OneDrive - RJX AUTOMATION LLC\Projects\Simplot\2021_Caldwell_L5_Fry\Panels\New_Panels\CLD-EIC-C10F4-WIRING_20220804.dwg,PWTR4_51 (3),9/1/2022 3:57:38 PM,rjxau,_DWG To PDF.pc3,ANSI full bleed D (22.00 x 34.00 Inches),1:3.7695,
C:\Users\rjxau\OneDrive - RJX AUTOMATION LLC\Projects\Simplot\2021_Caldwell_L5_Fry\Panels\New_Panels\CLD-EIC-C10F5-WIRING_20220804.dwg,PWTR5_51,9/1/2022 3:58:42 PM,rjxau,_DWG To PDF.pc3,ANSI full bleed D (22.00 x 34.00 Inches),1:3.7695,
C:\Users\rjxau\OneDrive - RJX AUTOMATION LLC\Projects\Simplot\2021_Caldwell_L5_Fry\Panels\New_Panels\CLD-EIC-C10F5-WIRING_20220804.dwg,PWTR5_51 (2),9/1/2022 3:58:46 PM,rjxau,_DWG To PDF.pc3,ANSI full bleed D (22.00 x 34.00 Inches),1:3.7695,
C:\Users\rjxau\OneDrive - RJX AUTOMATION LLC\Projects\Simplot\2021_Caldwell_L5_Fry\Panels\New_Panels\CLD-EIC-C10F5-WIRING_20220804.dwg,PWTR5_51 (3),9/1/2022 3:58:51 PM,rjxau,_DWG To PDF.pc3,ANSI full bleed D (22.00 x 34.00 Inches),1:3.7695,
C:\Users\rjxau\OneDrive - RJX AUTOMATION LLC\Projects\Simplot\2021_Caldwell_L5_Fry\Panels\New_Panels\CLD-EIC-C09F1-WIRING_20220817.dwg,C09,9/1/2022 4:00:48 PM,rjxau,_DWG To PDF.pc3,ANSI full bleed D (22.00 x 34.00 Inches),1:3.7695,
C:\Users\rjxau\OneDrive - RJX AUTOMATION LLC\Projects\Simplot\2021_Caldwell_L5_Fry\Panels\New_Panels\CLD-EIC-C09F1-WIRING_20220817.dwg,C09JB01-1,9/1/2022 4:00:52 PM,rjxau,_DWG To PDF.pc3,ANSI full bleed D (22.00 x 34.00 Inches),1:3.7695,
C:\Users\rjxau\OneDrive - RJX AUTOMATION LLC\Projects\Simplot\2021_Caldwell_L5_Fry\Panels\New_Panels\CLD-EIC-C09F1-WIRING_20220817.dwg,C09JB01-2,9/1/2022 4:00:57 PM,rjxau,_DWG To PDF.pc3,ANSI full bleed D (22.00 x 34.00 Inches),1:3.7695,
C:\Users\rjxau\OneDrive - RJX AUTOMATION LLC\Projects\Simplot\2021_Caldwell_L5_Fry\Panels\New_Panels\CLD-EIC-C09F1-WIRING_20220817.dwg,C09JB02,9/1/2022 4:01:02 PM,rjxau,_DWG To PDF.pc3,ANSI full bleed D (22.00 x 34.00 Inches),1:3.7695,
C:\Users\rjxau\OneDrive - RJX AUTOMATION LLC\Projects\Simplot\2021_Caldwell_L5_Fry\Panels\New_Panels\CLD-EIC-C09F1-WIRING_20220817.dwg,C09JB03,9/1/2022 4:01:07 PM,rjxau,_DWG To PDF.pc3,ANSI full bleed D (22.00 x 34.00 Inches),1:3.7695,
C:\Users\rjxau\OneDrive - RJX AUTOMATION LLC\Projects\Simplot\2021_Caldwell_L5_Fry\Panels\New_Panels\CLD-EIC-C09F1-WIRING_20220817.dwg,C09JB11-1,9/1/2022 4:01:12 PM,rjxau,_DWG To PDF.pc3,ANSI full bleed D (22.00 x 34.00 Inches),1:3.7695,
C:\Users\rjxau\OneDrive - RJX AUTOMATION LLC\Projects\Simplot\2021_Caldwell_L5_Fry\Panels\New_Panels\CLD-EIC-C09F1-WIRING_20220817.dwg,C09JB11-2,9/1/2022 4:01:17 PM,rjxau,_DWG To PDF.pc3,ANSI full bleed D (22.00 x 34.00 Inches),1:3.7695,
C:\Users\rjxau\OneDrive - RJX AUTOMATION LLC\Projects\Simplot\2021_Caldwell_L5_Fry\Panels\New_Panels\CLD-EIC-C09F1-WIRING_20220817.dwg,C09JB12,9/1/2022 4:01:22 PM,rjxau,_DWG To PDF.pc3,ANSI full bleed D (22.00 x 34.00 Inches),1:3.7695,
C:\Users\rjxau\OneDrive - RJX AUTOMATION LLC\Projects\Simplot\2021_Caldwell_L5_Fry\Panels\New_Panels\CLD-EIC-C09F1-WIRING_20220817.dwg,C09JB13-1,9/1/2022 4:01:27 PM,rjxau,_DWG To PDF.pc3,ANSI full bleed D (22.00 x 34.00 Inches),1:3.7695,
C:\Users\rjxau\OneDrive - RJX AUTOMATION LLC\Projects\Simplot\2021_Caldwell_L5_Fry\Panels\New_Panels\CLD-EIC-C09F1-WIRING_20220817.dwg,C09JB13-2,9/1/2022 4:01:32 PM,rjxau,_DWG To PDF.pc3,ANSI full bleed D (22.00 x 34.00 Inches),1:3.7695,
C:\Users\rjxau\OneDrive - RJX AUTOMATION LLC\Projects\Simplot\Independence\Electrical\CHEM_MGT\CA-EICCHMMGT-I02.dwg,D size,9/1/2022 4:40:45 PM,rjxau,_DWG To PDF.pc3,ANSI full bleed B (11.00 x 17.00 Inches),1:2,
C:\Users\rjxau\OneDrive - RJX AUTOMATION LLC\Projects\Simplot\Independence\Electrical\New_Panels\CHEM_MANAGEMENT_F3\CA-EICCHMMGTF3-53.dwg,D size,9/1/2022 4:40:51 PM,rjxau,_DWG To PDF.pc3,ANSI full bleed B (11.00 x 17.00 Inches),1:2,
C:\Users\rjxau\OneDrive - RJX AUTOMATION LLC\Projects\Simplot\Independence\Electrical\New_Panels\CHEM_MANAGEMENT_F3\CA-EICCHMMGTF3-56.dwg,D size,9/1/2022 4:40:55 PM,rjxau,_DWG To PDF.pc3,ANSI full bleed B (11.00 x 17.00 Inches),1:2,
C:\Users\rjxau\OneDrive - RJX AUTOMATION LLC\Projects\Simplot\Independence\Electrical\New_Panels\CHEM_MANAGEMENT_F3\CA-EICCHMMGTF3-55.dwg,D size,9/1/2022 4:41:00 PM,rjxau,_DWG To PDF.pc3,ANSI full bleed B (11.00 x 17.00 Inches),1:2,
C:\Users\rjxau\OneDrive - RJX AUTOMATION LLC\Projects\Simplot\Independence\Electrical\CHEM_MGT\CA-EICCHMMGT-I02.dwg,D size,9/1/2022 4:46:39 PM,rjxau,_DWG To PDF.pc3,ANSI full bleed D (34.00 x 22.00 Inches),1:0.943822,
C:\Users\rjxau\OneDrive - RJX AUTOMATION LLC\Projects\Simplot\Independence\Electrical\New_Panels\CHEM_MANAGEMENT_F3\CA-EICCHMMGTF3-55.dwg,D size,9/1/2022 4:46:46 PM,rjxau,_DWG To PDF.pc3,ANSI full bleed D (34.00 x 22.00 Inches),1:0.943822,
C:\Users\rjxau\OneDrive - RJX AUTOMATION LLC\Projects\Simplot\Independence\Electrical\New_Panels\CHEM_MANAGEMENT_F3\CA-EICCHMMGTF3-53.dwg,D size,9/1/2022 4:46:49 PM,rjxau,_DWG To PDF.pc3,ANSI full bleed D (34.00 x 22.00 Inches),1:0.943822,
C:\Users\rjxau\OneDrive - RJX AUTOMATION LLC\Projects\Simplot\Independence\Electrical\New_Panels\CHEM_MANAGEMENT_F3\CA-EICCHMMGTF3-56.dwg,D size,9/1/2022 4:46:55 PM,rjxau,_DWG To PDF.pc3,ANSI full bleed D (34.00 x 22.00 Inches),1:0.943822,
C:\Users\rjxau\OneDrive - RJX AUTOMATION LLC\Projects\Simplot\2021_Caldwell_L5_Fry\Panels\New_Panels\CLD-EIC-C09F1-LAYOUTS_20220817.dwg,Layout,9/6/2022 10:52:46 AM,rjxau,DWG To PDF.pc3,ANSI full bleed D (22.00 x 34.00 Inches),1:3.7753,
C:\Users\rjxau\OneDrive - RJX AUTOMATION LLC\Projects\Simplot\2021_Caldwell_L5_Fry\Panels\New_Panels\CLD-EIC-INGF4-JB-LAYOUTS_20220817.dwg,Layout,9/6/2022 10:54:29 AM,rjxau,DWG To PDF.pc3,ANSI full bleed D (22.00 x 34.00 Inches),1:3.7753,
C:\Users\rjxau\OneDrive - RJX AUTOMATION LLC\Projects\Simplot\2021_Caldwell_L5_Fry\Panels\New_Panels\CLD-EIC-C12F3-JB-LAYOUTS_20220906.dwg,Layout,9/6/2022 11:02:40 AM,rjxau,DWG To PDF.pc3,ANSI full bleed D (22.00 x 34.00 Inches),1:3.7753,
C:\Users\rjxau\OneDrive - RJX AUTOMATION LLC\Projects\Simplot\2021_Caldwell_L5_Fry\Equipment\Dryer\Dryer_Instrument_Location.dwg,Model,9/6/2022 2:13:15 PM,rjxau,AutoCAD PDF (General Documentation).pc3,ARCH D (36.00 x 24.00 Inches),1:26.6476,
C:\Users\rjxau\OneDrive - RJX AUTOMATION LLC\Projects\Simplot\2021_Caldwell_L5_Fry\Equipment\Dryer\Dryer_Instrument_Location.dwg,Model,9/6/2022 2:14:05 PM,rjxau,AutoCAD PDF (General Documentation).pc3,ARCH D (36.00 x 24.00 Inches),1:26.6476,
C:\Users\rjxau\OneDrive - RJX AUTOMATION LLC\Projects\Simplot\2021_Caldwell_L5_Fry\Panels\New_Panels\CLD-EIC-INGF4-WIRING_20220920.dwg,R31,9/20/2022 10:04:51 PM,rjxau,_DWG To PDF.pc3,ANSI full bleed D (22.00 x 34.00 Inches),1:3.7695,
C:\Users\rjxau\OneDrive - RJX AUTOMATION LLC\Projects\Simplot\2021_Caldwell_L5_Fry\Panels\New_Panels\CLD-EIC-INGF4-WIRING_20220920.dwg,R32,9/20/2022 10:04:54 PM,rjxau,_DWG To PDF.pc3,ANSI full bleed D (22.00 x 34.00 Inches),1:3.7695,
C:\Users\rjxau\OneDrive - RJX AUTOMATION LLC\Projects\Simplot\2021_Caldwell_L5_Fry\Panels\New_Panels\CLD-EIC-INGF4-WIRING_20220920.dwg,R51,9/20/2022 10:04:59 PM,rjxau,_DWG To PDF.pc3,ANSI full bleed D (22.00 x 34.00 Inches),1:3.7695,
C:\Users\rjxau\OneDrive - RJX AUTOMATION LLC\Projects\Simplot\2021_Caldwell_L5_Fry\Panels\New_Panels\CLD-EIC-INGF4-WIRING_20220920.dwg,R52,9/20/2022 10:05:04 PM,rjxau,_DWG To PDF.pc3,ANSI full bleed D (22.00 x 34.00 Inches),1:3.7695,
C:\Users\rjxau\OneDrive - RJX AUTOMATION LLC\Projects\Simplot\2021_Caldwell_L5_Fry\Panels\New_Panels\CLD-EIC-INGF4-WIRING_20220920.dwg,R53,9/20/2022 10:05:09 PM,rjxau,_DWG To PDF.pc3,ANSI full bleed D (22.00 x 34.00 Inches),1:3.7695,
C:\Users\rjxau\OneDrive - RJX AUTOMATION LLC\Projects\Simplot\2021_Caldwell_L5_Fry\Panels\New_Panels\CLD-EIC-INGF4-WIRING_20220920.dwg,R55,9/20/2022 10:05:14 PM,rjxau,_DWG To PDF.pc3,ANSI full bleed D (22.00 x 34.00 Inches),1:3.7695,
C:\Users\rjxau\OneDrive - RJX AUTOMATION LLC\Projects\Simplot\2021_Caldwell_L5_Fry\Panels\New_Panels\CLD-EIC-INGF4-WIRING_20220920.dwg,R61-1,9/20/2022 10:05:19 PM,rjxau,_DWG To PDF.pc3,ANSI full bleed D (22.00 x 34.00 Inches),1:3.7695,
C:\Users\rjxau\OneDrive - RJX AUTOMATION LLC\Projects\Simplot\2021_Caldwell_L5_Fry\Panels\New_Panels\CLD-EIC-INGF4-WIRING_20220920.dwg,R61-2,9/20/2022 10:05:24 PM,rjxau,_DWG To PDF.pc3,ANSI full bleed D (22.00 x 34.00 Inches),1:3.7695,
C:\Users\rjxau\OneDrive - RJX AUTOMATION LLC\Projects\Simplot\2021_Caldwell_L5_Fry\Panels\New_Panels\CLD-EIC-INGF4-WIRING_20220920.dwg,R62,9/20/2022 10:05:29 PM,rjxau,_DWG To PDF.pc3,ANSI full bleed D (22.00 x 34.00 Inches),1:3.7695,
C:\Users\rjxau\OneDrive - RJX AUTOMATION LLC\Projects\Simplot\2021_Caldwell_L5_Fry\Panels\New_Panels\CLD-EIC-INGF4-WIRING_20220920.dwg,R63,9/20/2022 10:05:34 PM,rjxau,_DWG To PDF.pc3,ANSI full bleed D (22.00 x 34.00 Inches),1:3.7695,
C:\Users\rjxau\OneDrive - RJX AUTOMATION LLC\Projects\Simplot\2021_Caldwell_L5_Fry\Panels\New_Panels\CLD-EIC-INGF4-WIRING_20220920.dwg,R64,9/20/2022 10:05:39 PM,rjxau,_DWG To PDF.pc3,ANSI full bleed D (22.00 x 34.00 Inches),1:3.7695,
C:\Users\rjxau\OneDrive - RJX AUTOMATION LLC\Projects\Simplot\2021_Caldwell_L5_Fry\Panels\New_Panels\CLD-EIC-INGF4-WIRING_20220920.dwg,R65,9/20/2022 10:05:44 PM,rjxau,_DWG To PDF.pc3,ANSI full bleed D (22.00 x 34.00 Inches),1:3.7695,
C:\Users\rgrov\RJX AUTOMATION LLC\Raul Barrios - Simplot\2021_Caldwell_L5_Fry\Panels\New_Panels\CLD-EIC-INGF4-WIRING_20220923.dwg,R000,9/23/2022 10:34:53 AM,rgroves,_AutoCAD PDF (High Quality Print).pc3,ANSI full bleed D (22.00 x 34.00 Inches),1:3.7695,
C:\Users\rgrov\RJX AUTOMATION LLC\Raul Barrios - Simplot\2021_Caldwell_L5_Fry\Panels\New_Panels\CLD-EIC-INGF4-WIRING_20220923.dwg,R31,9/23/2022 10:34:57 AM,rgroves,_AutoCAD PDF (High Quality Print).pc3,ANSI full bleed D (22.00 x 34.00 Inches),1:3.7695,
C:\Users\rgrov\RJX AUTOMATION LLC\Raul Barrios - Simplot\2021_Caldwell_L5_Fry\Panels\New_Panels\CLD-EIC-INGF4-WIRING_20220923.dwg,R32,9/23/2022 10:35:02 AM,rgroves,_AutoCAD PDF (High Quality Print).pc3,ANSI full bleed D (22.00 x 34.00 Inches),1:3.7695,
C:\Users\rgrov\RJX AUTOMATION LLC\Raul Barrios - Simplot\2021_Caldwell_L5_Fry\Panels\New_Panels\CLD-EIC-INGF4-WIRING_20220923.dwg,R51,9/23/2022 10:35:07 AM,rgroves,_AutoCAD PDF (High Quality Print).pc3,ANSI full bleed D (22.00 x 34.00 Inches),1:3.7695,
C:\Users\rgrov\RJX AUTOMATION LLC\Raul Barrios - Simplot\2021_Caldwell_L5_Fry\Panels\New_Panels\CLD-EIC-INGF4-WIRING_20220923.dwg,R52,9/23/2022 10:35:12 AM,rgroves,_AutoCAD PDF (High Quality Print).pc3,ANSI full bleed D (22.00 x 34.00 Inches),1:3.7695,
C:\Users\rgrov\RJX AUTOMATION LLC\Raul Barrios - Simplot\2021_Caldwell_L5_Fry\Panels\New_Panels\CLD-EIC-INGF4-WIRING_20220923.dwg,R53,9/23/2022 10:35:17 AM,rgroves,_AutoCAD PDF (High Quality Print).pc3,ANSI full bleed D (22.00 x 34.00 Inches),1:3.7695,
C:\Users\rgrov\RJX AUTOMATION LLC\Raul Barrios - Simplot\2021_Caldwell_L5_Fry\Panels\New_Panels\CLD-EIC-INGF4-WIRING_20220923.dwg,R55,9/23/2022 10:35:22 AM,rgroves,_AutoCAD PDF (High Quality Print).pc3,ANSI full bleed D (22.00 x 34.00 Inches),1:3.7695,
C:\Users\rgrov\RJX AUTOMATION LLC\Raul Barrios - Simplot\2021_Caldwell_L5_Fry\Panels\New_Panels\CLD-EIC-INGF4-WIRING_20220923.dwg,R61-1,9/23/2022 10:35:27 AM,rgroves,_AutoCAD PDF (High Quality Print).pc3,ANSI full bleed D (22.00 x 34.00 Inches),1:3.7695,
C:\Users\rgrov\RJX AUTOMATION LLC\Raul Barrios - Simplot\2021_Caldwell_L5_Fry\Panels\New_Panels\CLD-EIC-INGF4-WIRING_20220923.dwg,R61-2,9/23/2022 10:35:32 AM,rgroves,_AutoCAD PDF (High Quality Print).pc3,ANSI full bleed D (22.00 x 34.00 Inches),1:3.7695,
C:\Users\rgrov\RJX AUTOMATION LLC\Raul Barrios - Simplot\2021_Caldwell_L5_Fry\Panels\New_Panels\CLD-EIC-INGF4-WIRING_20220923.dwg,R62,9/23/2022 10:35:37 AM,rgroves,_AutoCAD PDF (High Quality Print).pc3,ANSI full bleed D (22.00 x 34.00 Inches),1:3.7695,
C:\Users\rgrov\RJX AUTOMATION LLC\Raul Barrios - Simplot\2021_Caldwell_L5_Fry\Panels\New_Panels\CLD-EIC-INGF4-WIRING_20220923.dwg,R000,9/23/2022 10:37:10 AM,rgroves,_AutoCAD PDF (High Quality Print).pc3,ANSI full bleed D (22.00 x 34.00 Inches),1:3.7695,
C:\Users\rgrov\RJX AUTOMATION LLC\Raul Barrios - Simplot\2021_Caldwell_L5_Fry\Panels\New_Panels\CLD-EIC-INGF4-WIRING_20220923.dwg,R31,9/23/2022 10:37:14 AM,rgroves,_AutoCAD PDF (High Quality Print).pc3,ANSI full bleed D (22.00 x 34.00 Inches),1:3.7695,
C:\Users\rgrov\RJX AUTOMATION LLC\Raul Barrios - Simplot\2021_Caldwell_L5_Fry\Panels\New_Panels\CLD-EIC-INGF4-WIRING_20220923.dwg,R32,9/23/2022 10:37:19 AM,rgroves,_AutoCAD PDF (High Quality Print).pc3,ANSI full bleed D (22.00 x 34.00 Inches),1:3.7695,
C:\Users\rgrov\RJX AUTOMATION LLC\Raul Barrios - Simplot\2021_Caldwell_L5_Fry\Panels\New_Panels\CLD-EIC-INGF4-WIRING_20220923.dwg,R51,9/23/2022 10:37:24 AM,rgroves,_AutoCAD PDF (High Quality Print).pc3,ANSI full bleed D (22.00 x 34.00 Inches),1:3.7695,
C:\Users\rgrov\RJX AUTOMATION LLC\Raul Barrios - Simplot\2021_Caldwell_L5_Fry\Panels\New_Panels\CLD-EIC-INGF4-WIRING_20220923.dwg,R52,9/23/2022 10:37:29 AM,rgroves,_AutoCAD PDF (High Quality Print).pc3,ANSI full bleed D (22.00 x 34.00 Inches),1:3.7695,
C:\Users\rgrov\RJX AUTOMATION LLC\Raul Barrios - Simplot\2021_Caldwell_L5_Fry\Panels\New_Panels\CLD-EIC-INGF4-WIRING_20220923.dwg,R53,9/23/2022 10:37:34 AM,rgroves,_AutoCAD PDF (High Quality Print).pc3,ANSI full bleed D (22.00 x 34.00 Inches),1:3.7695,
C:\Users\rgrov\RJX AUTOMATION LLC\Raul Barrios - Simplot\2021_Caldwell_L5_Fry\Panels\New_Panels\CLD-EIC-INGF4-WIRING_20220923.dwg,R55,9/23/2022 10:37:39 AM,rgroves,_AutoCAD PDF (High Quality Print).pc3,ANSI full bleed D (22.00 x 34.00 Inches),1:3.7695,
C:\Users\rgrov\RJX AUTOMATION LLC\Raul Barrios - Simplot\2021_Caldwell_L5_Fry\Panels\New_Panels\CLD-EIC-INGF4-WIRING_20220923.dwg,R61-1,9/23/2022 10:37:44 AM,rgroves,_AutoCAD PDF (High Quality Print).pc3,ANSI full bleed D (22.00 x 34.00 Inches),1:3.7695,
C:\Users\rgrov\RJX AUTOMATION LLC\Raul Barrios - Simplot\2021_Caldwell_L5_Fry\Panels\New_Panels\CLD-EIC-INGF4-WIRING_20220923.dwg,R61-2,9/23/2022 10:37:49 AM,rgroves,_AutoCAD PDF (High Quality Print).pc3,ANSI full bleed D (22.00 x 34.00 Inches),1:3.7695,
C:\Users\rgrov\RJX AUTOMATION LLC\Raul Barrios - Simplot\2021_Caldwell_L5_Fry\Panels\New_Panels\CLD-EIC-INGF4-WIRING_20220923.dwg,R62,9/23/2022 10:37:54 AM,rgroves,_AutoCAD PDF (High Quality Print).pc3,ANSI full bleed D (22.00 x 34.00 Inches),1:3.7695,
C:\Users\rgrov\RJX AUTOMATION LLC\Raul Barrios - Simplot\2021_Caldwell_L5_Fry\Panels\New_Panels\CLD-EIC-INGF4-WIRING_20220923.dwg,R000,9/23/2022 10:39:17 AM,rgroves,_AutoCAD PDF (High Quality Print).pc3,ANSI full bleed D (22.00 x 34.00 Inches),1:3.7695,
C:\Users\rgrov\RJX AUTOMATION LLC\Raul Barrios - Simplot\2021_Caldwell_L5_Fry\Panels\New_Panels\CLD-EIC-INGF4-WIRING_20220923.dwg,R31,9/23/2022 10:39:21 AM,rgroves,_AutoCAD PDF (High Quality Print).pc3,ANSI full bleed D (22.00 x 34.00 Inches),1:3.7695,
C:\Users\rgrov\RJX AUTOMATION LLC\Raul Barrios - Simplot\2021_Caldwell_L5_Fry\Panels\New_Panels\CLD-EIC-INGF4-WIRING_20220923.dwg,R32,9/23/2022 10:39:26 AM,rgroves,_AutoCAD PDF (High Quality Print).pc3,ANSI full bleed D (22.00 x 34.00 Inches),1:3.7695,
C:\Users\rgrov\RJX AUTOMATION LLC\Raul Barrios - Simplot\2021_Caldwell_L5_Fry\Panels\New_Panels\CLD-EIC-INGF4-WIRING_20220923.dwg,R51,9/23/2022 10:39:31 AM,rgroves,_AutoCAD PDF (High Quality Print).pc3,ANSI full bleed D (22.00 x 34.00 Inches),1:3.7695,
C:\Users\rgrov\RJX AUTOMATION LLC\Raul Barrios - Simplot\2021_Caldwell_L5_Fry\Panels\New_Panels\CLD-EIC-INGF4-WIRING_20220923.dwg,R52,9/23/2022 10:39:36 AM,rgroves,_AutoCAD PDF (High Quality Print).pc3,ANSI full bleed D (22.00 x 34.00 Inches),1:3.7695,
C:\Users\rgrov\RJX AUTOMATION LLC\Raul Barrios - Simplot\2021_Caldwell_L5_Fry\Panels\New_Panels\CLD-EIC-INGF4-WIRING_20220923.dwg,R53,9/23/2022 10:39:41 AM,rgroves,_AutoCAD PDF (High Quality Print).pc3,ANSI full bleed D (22.00 x 34.00 Inches),1:3.7695,
C:\Users\rgrov\RJX AUTOMATION LLC\Raul Barrios - Simplot\2021_Caldwell_L5_Fry\Panels\New_Panels\CLD-EIC-INGF4-WIRING_20220923.dwg,R55,9/23/2022 10:39:46 AM,rgroves,_AutoCAD PDF (High Quality Print).pc3,ANSI full bleed D (22.00 x 34.00 Inches),1:3.7695,
C:\Users\rgrov\RJX AUTOMATION LLC\Raul Barrios - Simplot\2021_Caldwell_L5_Fry\Panels\New_Panels\CLD-EIC-INGF4-WIRING_20220923.dwg,R61-1,9/23/2022 10:39:51 AM,rgroves,_AutoCAD PDF (High Quality Print).pc3,ANSI full bleed D (22.00 x 34.00 Inches),1:3.7695,
C:\Users\rgrov\RJX AUTOMATION LLC\Raul Barrios - Simplot\2021_Caldwell_L5_Fry\Panels\New_Panels\CLD-EIC-INGF4-WIRING_20220923.dwg,R61-2,9/23/2022 10:39:56 AM,rgroves,_AutoCAD PDF (High Quality Print).pc3,ANSI full bleed D (22.00 x 34.00 Inches),1:3.7695,
C:\Users\rgrov\RJX AUTOMATION LLC\Raul Barrios - Simplot\2021_Caldwell_L5_Fry\Panels\New_Panels\CLD-EIC-INGF4-WIRING_20220923.dwg,R62,9/23/2022 10:40:01 AM,rgroves,_AutoCAD PDF (High Quality Print).pc3,ANSI full bleed D (22.00 x 34.00 Inches),1:3.7695,
C:\Users\rgrov\RJX AUTOMATION LLC\Raul Barrios - Simplot\2021_Caldwell_L5_Fry\Panels\New_Panels\CLD-EIC-INGF4-WIRING_20220923.dwg,R63,9/23/2022 10:40:06 AM,rgroves,_AutoCAD PDF (High Quality Print).pc3,ANSI full bleed D (22.00 x 34.00 Inches),1:3.7695,
C:\Users\rgrov\RJX AUTOMATION LLC\Raul Barrios - Simplot\2021_Caldwell_L5_Fry\Panels\New_Panels\CLD-EIC-INGF4-WIRING_20220923.dwg,R64,9/23/2022 10:40:11 AM,rgroves,_AutoCAD PDF (High Quality Print).pc3,ANSI full bleed D (22.00 x 34.00 Inches),1:3.7695,
C:\Users\rgrov\RJX AUTOMATION LLC\Raul Barrios - Simplot\2021_Caldwell_L5_Fry\Panels\New_Panels\CLD-EIC-INGF4-WIRING_20220923.dwg,R65,9/23/2022 10:40:16 AM,rgroves,_AutoCAD PDF (High Quality Print).pc3,ANSI full bleed D (22.00 x 34.00 Inches),1:3.7695,
C:\Users\rgrov\RJX AUTOMATION LLC\Raul Barrios - Simplot\2021_Caldwell_L5_Fry\Panels\New_Panels\CLD-EIC-C09F1-WIRING_20220817.dwg,C09,9/27/2022 8:19:05 AM,rgroves,_AutoCAD PDF (High Quality Print).pc3,ANSI full bleed D (22.00 x 34.00 Inches),1:3.7695,
C:\Users\rgrov\RJX AUTOMATION LLC\Raul Barrios - Simplot\2021_Caldwell_L5_Fry\Panels\New_Panels\CLD-EIC-C09F1-WIRING_20220817.dwg,C09JB01-1,9/27/2022 8:19:08 AM,rgroves,_AutoCAD PDF (High Quality Print).pc3,ANSI full bleed D (22.00 x 34.00 Inches),1:3.7695,
C:\Users\rgrov\RJX AUTOMATION LLC\Raul Barrios - Simplot\2021_Caldwell_L5_Fry\Panels\New_Panels\CLD-EIC-C09F1-WIRING_20220817.dwg,C09JB01-2,9/27/2022 8:19:13 AM,rgroves,_AutoCAD PDF (High Quality Print).pc3,ANSI full bleed D (22.00 x 34.00 Inches),1:3.7695,
C:\Users\rgrov\RJX AUTOMATION LLC\Raul Barrios - Simplot\2021_Caldwell_L5_Fry\Panels\New_Panels\CLD-EIC-C09F1-WIRING_20220817.dwg,C09JB02,9/27/2022 8:19:18 AM,rgroves,_AutoCAD PDF (High Quality Print).pc3,ANSI full bleed D (22.00 x 34.00 Inches),1:3.7695,
C:\Users\rgrov\RJX AUTOMATION LLC\Raul Barrios - Simplot\2021_Caldwell_L5_Fry\Panels\New_Panels\CLD-EIC-C09F1-WIRING_20220817.dwg,C09JB03,9/27/2022 8:19:23 AM,rgroves,_AutoCAD PDF (High Quality Print).pc3,ANSI full bleed D (22.00 x 34.00 Inches),1:3.7695,
C:\Users\rgrov\RJX AUTOMATION LLC\Raul Barrios - Simplot\2021_Caldwell_L5_Fry\Panels\New_Panels\CLD-EIC-C09F1-WIRING_20220817.dwg,C09JB11-1,9/27/2022 8:19:28 AM,rgroves,_AutoCAD PDF (High Quality Print).pc3,ANSI full bleed D (22.00 x 34.00 Inches),1:3.7695,
C:\Users\rgrov\RJX AUTOMATION LLC\Raul Barrios - Simplot\2021_Caldwell_L5_Fry\Panels\New_Panels\CLD-EIC-C09F1-WIRING_20220817.dwg,C09JB11-2,9/27/2022 8:19:33 AM,rgroves,_AutoCAD PDF (High Quality Print).pc3,ANSI full bleed D (22.00 x 34.00 Inches),1:3.7695,
C:\Users\rgrov\RJX AUTOMATION LLC\Raul Barrios - Simplot\2021_Caldwell_L5_Fry\Panels\New_Panels\CLD-EIC-C09F1-WIRING_20220817.dwg,C09JB12,9/27/2022 8:19:38 AM,rgroves,_AutoCAD PDF (High Quality Print).pc3,ANSI full bleed D (22.00 x 34.00 Inches),1:3.7695,
C:\Users\rgrov\RJX AUTOMATION LLC\Raul Barrios - Simplot\2021_Caldwell_L5_Fry\Panels\New_Panels\CLD-EIC-C09F1-WIRING_20220817.dwg,C09JB13-1,9/27/2022 8:19:43 AM,rgroves,_AutoCAD PDF (High Quality Print).pc3,ANSI full bleed D (22.00 x 34.00 Inches),1:3.7695,
C:\Users\rgrov\RJX AUTOMATION LLC\Raul Barrios - Simplot\2021_Caldwell_L5_Fry\Panels\New_Panels\CLD-EIC-C09F1-WIRING_20220817.dwg,C09JB13-2,9/27/2022 8:19:48 AM,rgroves,_AutoCAD PDF (High Quality Print).pc3,ANSI full bleed D (22.00 x 34.00 Inches),1:3.7695,
